Unity Editor version:    2021.3.6f1 (7da38d85baf6)
Branch:                  2021.3/staging
Build type:              Release
Batch mode:              YES
macOS version:           Version 12.0.1 (Build 21A559)
Darwin version:          21.1.0
Architecture:            x86_64
Running under Rosetta:   YES
Available memory:        8192 MB
Using pre-set license
Pro License: YES

COMMAND LINE ARGUMENTS:
/Applications/Unity/Hub/Editor/2021.3.6f1/Unity.app/Contents/MacOS/Unity
-adb2
-batchMode
-noUpm
-name
AssetImportWorker1
-projectPath
/Users/brodiesmith/Documents/coding/metaranger_v1/MetaRanger_v1
-logFile
Logs/AssetImportWorker1.log
-srvPort
59501
Successfully changed project path to: /Users/brodiesmith/Documents/coding/metaranger_v1/MetaRanger_v1
/Users/brodiesmith/Documents/coding/metaranger_v1/MetaRanger_v1
[UnityMemory] Configuration Parameters - Can be set up in boot.config
    "memorysetup-bucket-allocator-granularity=16"
    "memorysetup-bucket-allocator-bucket-count=8"
    "memorysetup-bucket-allocator-block-size=33554432"
    "memorysetup-bucket-allocator-block-count=8"
    "memorysetup-main-allocator-block-size=16777216"
    "memorysetup-thread-allocator-block-size=16777216"
    "memorysetup-gfx-main-allocator-block-size=16777216"
    "memorysetup-gfx-thread-allocator-block-size=16777216"
    "memorysetup-cache-allocator-block-size=4194304"
    "memorysetup-typetree-allocator-block-size=2097152"
    "memorysetup-profiler-bucket-allocator-granularity=16"
    "memorysetup-profiler-bucket-allocator-bucket-count=8"
    "memorysetup-profiler-bucket-allocator-block-size=33554432"
    "memorysetup-profiler-bucket-allocator-block-count=8"
    "memorysetup-profiler-allocator-block-size=16777216"
    "memorysetup-profiler-editor-allocator-block-size=1048576"
    "memorysetup-temp-allocator-size-main=16777216"
    "memorysetup-job-temp-allocator-block-size=2097152"
    "memorysetup-job-temp-allocator-block-size-background=1048576"
    "memorysetup-job-temp-allocator-reduction-small-platforms=262144"
    "memorysetup-temp-allocator-size-background-worker=32768"
    "memorysetup-temp-allocator-size-job-worker=262144"
    "memorysetup-temp-allocator-size-preload-manager=33554432"
    "memorysetup-temp-allocator-size-nav-mesh-worker=65536"
    "memorysetup-temp-allocator-size-audio-worker=65536"
    "memorysetup-temp-allocator-size-cloud-worker=32768"
    "memorysetup-temp-allocator-size-gi-baking-worker=262144"
    "memorysetup-temp-allocator-size-gfx=262144"
Refreshing native plugins compatible for Editor in 292.78 ms, found 2 plugins.
Preloading 0 native plugins for Editor in 0.00 ms.
Initialize engine version: 2021.3.6f1 (7da38d85baf6)
[Subsystems] Discovering subsystems at path /Applications/Unity/Hub/Editor/2021.3.6f1/Unity.app/Contents/Resources/UnitySubsystems
[Subsystems] Discovering subsystems at path /Users/brodiesmith/Documents/coding/metaranger_v1/MetaRanger_v1/Assets
GfxDevice: creating device client; threaded=0; jobified=0
 preferred device: Apple M1 (high power)
Metal devices available: 1
0: Apple M1 (high power)
Using device Apple M1 (high power)
Initializing Metal device caps: Apple M1
Initialize mono
Mono path[0] = '/Applications/Unity/Hub/Editor/2021.3.6f1/Unity.app/Contents/Managed'
Mono path[1] = '/Applications/Unity/Hub/Editor/2021.3.6f1/Unity.app/Contents/MonoBleedingEdge/lib/mono/unityjit-macos'
Mono config path = '/Applications/Unity/Hub/Editor/2021.3.6f1/Unity.app/Contents/MonoBleedingEdge/etc'
Using monoOptions --debugger-agent=transport=dt_socket,embedding=1,server=y,suspend=n,address=127.0.0.1:56381
Begin MonoManager ReloadAssembly
Registering precompiled unity dll's ...
Register platform support module: /Applications/Unity/Hub/Editor/2021.3.6f1/PlaybackEngines/WebGLSupport/UnityEditor.WebGL.Extensions.dll
Register platform support module: /Applications/Unity/Hub/Editor/2021.3.6f1/Unity.app/Contents/PlaybackEngines/MacStandaloneSupport/UnityEditor.OSXStandalone.Extensions.dll
Registered in 0.002245 seconds.
Native extension for OSXStandalone target not found
Native extension for WebGL target not found
Refreshing native plugins compatible for Editor in 147.50 ms, found 2 plugins.
Preloading 0 native plugins for Editor in 0.00 ms.
Mono: successfully reloaded assembly
- Completed reload, in  1.639 seconds
Domain Reload Profiling:
	ReloadAssembly (1640ms)
		BeginReloadAssembly (171ms)
			ExecutionOrderSort (0ms)
			DisableScriptedObjects (0ms)
			BackupInstance (0ms)
			ReleaseScriptingObjects (0ms)
			CreateAndSetChildDomain (3ms)
		EndReloadAssembly (1187ms)
			LoadAssemblies (168ms)
			RebuildTransferFunctionScriptingTraits (1ms)
			SetupTypeCache (168ms)
			ReleaseScriptCaches (0ms)
			RebuildScriptCaches (34ms)
			SetupLoadedEditorAssemblies (832ms)
				LogAssemblyErrors (0ms)
				InitializePlatformSupportModulesInManaged (20ms)
				SetLoadedEditorAssemblies (0ms)
				RefreshPlugins (148ms)
				BeforeProcessingInitializeOnLoad (5ms)
				ProcessInitializeOnLoadAttributes (485ms)
				ProcessInitializeOnLoadMethodAttributes (174ms)
				AfterProcessingInitializeOnLoad (0ms)
				EditorAssembliesLoaded (1ms)
			ExecutionOrderSort2 (0ms)
			AwakeInstancesAfterBackupRestoration (0ms)
Platform modules already initialized, skipping
Registering precompiled user dll's ...
Registered in 0.008405 seconds.
Begin MonoManager ReloadAssembly
Symbol file LoadedFromMemory doesn't match image /Users/brodiesmith/Documents/coding/metaranger_v1/MetaRanger_v1/Library/PackageCache/com.unity.visualscripting@1.7.8/Editor/VisualScripting.Core/Dependencies/YamlDotNet/Unity.VisualScripting.YamlDotNet.dll
Symbol file LoadedFromMemory doesn't match image /Users/brodiesmith/Documents/coding/metaranger_v1/MetaRanger_v1/Library/PackageCache/com.unity.visualscripting@1.7.8/Editor/VisualScripting.Core/Dependencies/DotNetZip/Unity.VisualScripting.IonicZip.dll
Native extension for OSXStandalone target not found
Native extension for WebGL target not found
Refreshing native plugins compatible for Editor in 219.53 ms, found 2 plugins.
Preloading 0 native plugins for Editor in 0.00 ms.
Mono: successfully reloaded assembly
- Completed reload, in  4.363 seconds
Domain Reload Profiling:
	ReloadAssembly (4366ms)
		BeginReloadAssembly (309ms)
			ExecutionOrderSort (0ms)
			DisableScriptedObjects (51ms)
			BackupInstance (0ms)
			ReleaseScriptingObjects (0ms)
			CreateAndSetChildDomain (67ms)
		EndReloadAssembly (3701ms)
			LoadAssemblies (416ms)
			RebuildTransferFunctionScriptingTraits (0ms)
			SetupTypeCache (588ms)
			ReleaseScriptCaches (7ms)
			RebuildScriptCaches (81ms)
			SetupLoadedEditorAssemblies (2414ms)
				LogAssemblyErrors (0ms)
				InitializePlatformSupportModulesInManaged (14ms)
				SetLoadedEditorAssemblies (0ms)
				RefreshPlugins (220ms)
				BeforeProcessingInitializeOnLoad (212ms)
				ProcessInitializeOnLoadAttributes (1792ms)
				ProcessInitializeOnLoadMethodAttributes (176ms)
				AfterProcessingInitializeOnLoad (1ms)
				EditorAssembliesLoaded (0ms)
			ExecutionOrderSort2 (0ms)
			AwakeInstancesAfterBackupRestoration (10ms)
Platform modules already initialized, skipping
========================================================================
Worker process is ready to serve import requests
Launching external process: /Applications/Unity/Hub/Editor/2021.3.6f1/Unity.app/Contents/Tools/UnityShaderCompiler
Launched and connected shader compiler UnityShaderCompiler after 0.26 seconds
Refreshing native plugins compatible for Editor in 1.45 ms, found 2 plugins.
Preloading 0 native plugins for Editor in 0.00 ms.
Unloading 5811 Unused Serialized files (Serialized files now loaded: 0)
Unloading 191 unused Assets / (3.5 MB). Loaded Objects now: 6206.
Memory consumption went from 427.5 MB to 423.9 MB.
Total: 36.792875 ms (FindLiveObjects: 3.535625 ms CreateObjectMapping: 0.477375 ms MarkObjects: 29.953583 ms  DeleteObjects: 2.824583 ms)

AssetImportParameters requested are different than current active one (requested -> active):
  custom:video-decoder-ogg-theora: a1e56fd34408186e4bbccfd4996cb3dc -> 
  custom:container-muxer-webm: aa71ff27fc2769a1b78a27578f13a17b -> 
  custom:container-demuxer-webm: 4f35f7cbe854078d1ac9338744f61a02 -> 
  custom:video-encoder-webm-vp8: eb34c28f22e8b96e1ab97ce403110664 -> 
  custom:framework-osx-AVFoundation: e770b220cccbd017edd2c1fefb359320 -> 
  custom:audio-encoder-webm-vorbis: bf7c407c2cedff20999df2af8eb42d56 -> 
  custom:SearchIndexIgnoredProperties: e643bd26f0fe6173181afceb89e7c659 -> 
  custom:container-demuxer-ogg: 62fdf1f143b41e24485cea50d1cbac27 -> 
  custom:video-decoder-webm-vp8: 9c59270c3fd7afecdb556c50c9e8de78 -> 
  custom:audio-decoder-ogg-vorbis: bf7c407c2cedff20999df2af8eb42d56 -> 
========================================================================
Received Import Request.
  Time since last request: 84782.080355 seconds.
  path: Assets/LowPolyAlienWorld/Scenes/ExampleScene.unity
  artifactKey: Guid(1087aaeff440f7748a7bef1a7ec81c74) Importer(815301076,1909f56bfc062723c751e8b465ee728b)
Start importing Assets/LowPolyAlienWorld/Scenes/ExampleScene.unity using Guid(1087aaeff440f7748a7bef1a7ec81c74) Importer(815301076,1909f56bfc062723c751e8b465ee728b)  -> (artifact id: 'a55673f14dcada71884050dc1b9c3cd1') in 0.025264 seconds 
========================================================================
Received Import Request.
  Time since last request: 0.007695 seconds.
  path: Assets/LowPolyAlienWorld/Terrain.prefab
  artifactKey: Guid(f9b070a0df4bf2941a858f1c29591401) Importer(815301076,1909f56bfc062723c751e8b465ee728b)
Start importing Assets/LowPolyAlienWorld/Terrain.prefab using Guid(f9b070a0df4bf2941a858f1c29591401) Importer(815301076,1909f56bfc062723c751e8b465ee728b)  -> (artifact id: 'c8417951382ed99a3db326efd14e1cdc') in 1.013971 seconds 
========================================================================
Received Import Request.
  Time since last request: 0.000146 seconds.
  path: Assets/LowPolyAlienWorld/Scenes
  artifactKey: Guid(4f704ae4b4f98ae41a0bce26658850c1) Importer(815301076,1909f56bfc062723c751e8b465ee728b)
Start importing Assets/LowPolyAlienWorld/Scenes using Guid(4f704ae4b4f98ae41a0bce26658850c1) Importer(815301076,1909f56bfc062723c751e8b465ee728b)  -> (artifact id: 'afdd990117e546394f17e78277df244d') in 0.001091 seconds 
========================================================================
Received Import Request.
  Time since last request: 6.215042 seconds.
  path: Assets/LowPolyAlienWorld/Materials/Water.mat
  artifactKey: Guid(b3b2e292d961d604c9f7cdec47119a71) Importer(815301076,1909f56bfc062723c751e8b465ee728b)
Start importing Assets/LowPolyAlienWorld/Materials/Water.mat using Guid(b3b2e292d961d604c9f7cdec47119a71) Importer(815301076,1909f56bfc062723c751e8b465ee728b)  -> (artifact id: '62dd9b862ed1abd33bd79f7352bf98b6') in 0.198783 seconds 
========================================================================
Received Import Request.
  Time since last request: 34.549599 seconds.
  path: Assets/LowPolyAlienWorld/Rocks/BigRock_02.fbx
  artifactKey: Guid(9e8b39aca268a8a4c9ad45ab92bd5f76) Importer(815301076,1909f56bfc062723c751e8b465ee728b)
Start importing Assets/LowPolyAlienWorld/Rocks/BigRock_02.fbx using Guid(9e8b39aca268a8a4c9ad45ab92bd5f76) Importer(815301076,1909f56bfc062723c751e8b465ee728b)  -> (artifact id: 'f1aa2cb6164a1b17baad65a96b5fd3c8') in 0.237725 seconds 
========================================================================
Received Import Request.
  Time since last request: 0.000152 seconds.
  path: Assets/LowPolyAlienWorld/Rocks/RockFormation_03.fbx
  artifactKey: Guid(bf2b3a73418b1f346a01605e1749eb94) Importer(815301076,1909f56bfc062723c751e8b465ee728b)
Start importing Assets/LowPolyAlienWorld/Rocks/RockFormation_03.fbx using Guid(bf2b3a73418b1f346a01605e1749eb94) Importer(815301076,1909f56bfc062723c751e8b465ee728b)  -> (artifact id: '2542c13337c77b8830225655dbf9042f') in 0.022641 seconds 
========================================================================
Received Import Request.
  Time since last request: 0.000062 seconds.
  path: Assets/LowPolyAlienWorld/Rocks/RockFormation_07.fbx
  artifactKey: Guid(8cf77b90691714542ab166976e4e31f7) Importer(815301076,1909f56bfc062723c751e8b465ee728b)
Start importing Assets/LowPolyAlienWorld/Rocks/RockFormation_07.fbx using Guid(8cf77b90691714542ab166976e4e31f7) Importer(815301076,1909f56bfc062723c751e8b465ee728b)  -> (artifact id: 'cb7b6b9bab1d89f1f5f0223f72125541') in 0.017164 seconds 
========================================================================
Received Import Request.
  Time since last request: 0.000051 seconds.
  path: Assets/LowPolyAlienWorld/Rocks/RockFormation_02.fbx
  artifactKey: Guid(d9e1184cd1f94b9469b0c4c593ae1776) Importer(815301076,1909f56bfc062723c751e8b465ee728b)
Start importing Assets/LowPolyAlienWorld/Rocks/RockFormation_02.fbx using Guid(d9e1184cd1f94b9469b0c4c593ae1776) Importer(815301076,1909f56bfc062723c751e8b465ee728b)  -> (artifact id: '26c744fe72e375593d50ac3a6aaccacc') in 0.021575 seconds 
========================================================================
Received Import Request.
  Time since last request: 3.179149 seconds.
  path: Assets/LowPolyAlienWorld/Flora/BigPlant_02.fbx
  artifactKey: Guid(df8bfbbccd84ea8438380a86b30604ef) Importer(815301076,1909f56bfc062723c751e8b465ee728b)
Start importing Assets/LowPolyAlienWorld/Flora/BigPlant_02.fbx using Guid(df8bfbbccd84ea8438380a86b30604ef) Importer(815301076,1909f56bfc062723c751e8b465ee728b)  -> (artifact id: '9672f9621ab4f71bc2b3f9546b803456') in 0.036672 seconds 
========================================================================
Received Import Request.
  Time since last request: 0.000102 seconds.
  path: Assets/LowPolyAlienWorld/Flora/Flying_baloon_01.fbx
  artifactKey: Guid(53ae76a695e56f2428248c60c13f8cc0) Importer(815301076,1909f56bfc062723c751e8b465ee728b)
Start importing Assets/LowPolyAlienWorld/Flora/Flying_baloon_01.fbx using Guid(53ae76a695e56f2428248c60c13f8cc0) Importer(815301076,1909f56bfc062723c751e8b465ee728b)  -> (artifact id: '8896ba80b059b0f5954e50700f297f90') in 0.029252 seconds 
========================================================================
Received Import Request.
  Time since last request: 0.000061 seconds.
  path: Assets/LowPolyAlienWorld/Flora/SmallPlant_01.fbx
  artifactKey: Guid(53543d15a196e904c85c037b5cfb3ec5) Importer(815301076,1909f56bfc062723c751e8b465ee728b)
Start importing Assets/LowPolyAlienWorld/Flora/SmallPlant_01.fbx using Guid(53543d15a196e904c85c037b5cfb3ec5) Importer(815301076,1909f56bfc062723c751e8b465ee728b)  -> (artifact id: '380462dfb2451a6524e467a6186a8895') in 0.025457 seconds 
========================================================================
Received Import Request.
  Time since last request: 0.000054 seconds.
  path: Assets/LowPolyAlienWorld/Flora/BigPlant_03.fbx
  artifactKey: Guid(b239787ab48e00f4594022d7e76a6a57) Importer(815301076,1909f56bfc062723c751e8b465ee728b)
Start importing Assets/LowPolyAlienWorld/Flora/BigPlant_03.fbx using Guid(b239787ab48e00f4594022d7e76a6a57) Importer(815301076,1909f56bfc062723c751e8b465ee728b)  -> (artifact id: '823df7a192e99a4054e8d2e914a691ce') in 0.021416 seconds 
========================================================================
Received Import Request.
  Time since last request: 0.000131 seconds.
  path: Assets/LowPolyAlienWorld/Flora/Mushrooms.fbx
  artifactKey: Guid(15455b0168cd0b44a868ce81f1fdd6d9) Importer(815301076,1909f56bfc062723c751e8b465ee728b)
Start importing Assets/LowPolyAlienWorld/Flora/Mushrooms.fbx using Guid(15455b0168cd0b44a868ce81f1fdd6d9) Importer(815301076,1909f56bfc062723c751e8b465ee728b)  -> (artifact id: '41271aa83b0cb303d97a6ca1772d1721') in 0.017516 seconds 
========================================================================
Received Import Request.
  Time since last request: 0.000065 seconds.
  path: Assets/LowPolyAlienWorld/Flora/Tenticles_01.fbx
  artifactKey: Guid(ec55ac038e536864295d9fe81cbce0d6) Importer(815301076,1909f56bfc062723c751e8b465ee728b)
Start importing Assets/LowPolyAlienWorld/Flora/Tenticles_01.fbx using Guid(ec55ac038e536864295d9fe81cbce0d6) Importer(815301076,1909f56bfc062723c751e8b465ee728b)  -> (artifact id: 'ef6b530a1f25a1dc61f1acf9508f0b68') in 0.021061 seconds 
========================================================================
Received Import Request.
  Time since last request: 0.000058 seconds.
  path: Assets/LowPolyAlienWorld/Flora/Ground_baloon_01.fbx
  artifactKey: Guid(43b7ed9cee709bf4fbffb35ff2c1d5d1) Importer(815301076,1909f56bfc062723c751e8b465ee728b)
Start importing Assets/LowPolyAlienWorld/Flora/Ground_baloon_01.fbx using Guid(43b7ed9cee709bf4fbffb35ff2c1d5d1) Importer(815301076,1909f56bfc062723c751e8b465ee728b)  -> (artifact id: 'bb453f8b2fbabb0a76e5b7355499f911') in 0.019502 seconds 
========================================================================
Received Import Request.
  Time since last request: 87.589210 seconds.
  path: Assets/LowPolyAlienWorld/Rocks/Prefabs/BigRock_02.prefab
  artifactKey: Guid(b8afcb16b9632e344899c70492bcf933) Importer(815301076,1909f56bfc062723c751e8b465ee728b)
Start importing Assets/LowPolyAlienWorld/Rocks/Prefabs/BigRock_02.prefab using Guid(b8afcb16b9632e344899c70492bcf933) Importer(815301076,1909f56bfc062723c751e8b465ee728b)  -> (artifact id: '0df1d5ff373658b18937a46a0abc0acd') in 0.055712 seconds 
========================================================================
Received Import Request.
  Time since last request: 0.000146 seconds.
  path: Assets/LowPolyAlienWorld/Rocks/Prefabs/SmallRock_02.prefab
  artifactKey: Guid(21006dba7e3f90042b36bf9b5f6af51e) Importer(815301076,1909f56bfc062723c751e8b465ee728b)
Start importing Assets/LowPolyAlienWorld/Rocks/Prefabs/SmallRock_02.prefab using Guid(21006dba7e3f90042b36bf9b5f6af51e) Importer(815301076,1909f56bfc062723c751e8b465ee728b)  -> (artifact id: 'da6b9269ddeb4aa2ee83f4e19bb55dbe') in 0.012940 seconds 
========================================================================
Received Import Request.
  Time since last request: 0.000046 seconds.
  path: Assets/LowPolyAlienWorld/Rocks/Prefabs/SmallRock_04.prefab
  artifactKey: Guid(c7c726d17347cd44a8b6a3d3600f37b9) Importer(815301076,1909f56bfc062723c751e8b465ee728b)
Start importing Assets/LowPolyAlienWorld/Rocks/Prefabs/SmallRock_04.prefab using Guid(c7c726d17347cd44a8b6a3d3600f37b9) Importer(815301076,1909f56bfc062723c751e8b465ee728b)  -> (artifact id: '3060b4e94cd0b519582b46bcbffd190f') in 0.014337 seconds 
========================================================================
Received Import Request.
  Time since last request: 0.000096 seconds.
  path: Assets/LowPolyAlienWorld/Rocks/Prefabs/RockFormation_03.prefab
  artifactKey: Guid(a07a929fcb59ef44aa0b84e31eb0078e) Importer(815301076,1909f56bfc062723c751e8b465ee728b)
Start importing Assets/LowPolyAlienWorld/Rocks/Prefabs/RockFormation_03.prefab using Guid(a07a929fcb59ef44aa0b84e31eb0078e) Importer(815301076,1909f56bfc062723c751e8b465ee728b)  -> (artifact id: 'a2583c34e22182be9d864b39b539f7ac') in 0.012150 seconds 
========================================================================
Received Import Request.
  Time since last request: 0.000054 seconds.
  path: Assets/LowPolyAlienWorld/Rocks/Prefabs/RockFormation_06.prefab
  artifactKey: Guid(2e603bc31b2f54a41a14216f94f897cb) Importer(815301076,1909f56bfc062723c751e8b465ee728b)
Start importing Assets/LowPolyAlienWorld/Rocks/Prefabs/RockFormation_06.prefab using Guid(2e603bc31b2f54a41a14216f94f897cb) Importer(815301076,1909f56bfc062723c751e8b465ee728b)  -> (artifact id: '7c0b8f0af7e61e0e49413bba31b08f73') in 0.011677 seconds 
========================================================================
Received Import Request.
  Time since last request: 0.000087 seconds.
  path: Assets/LowPolyAlienWorld/Rocks/Prefabs/RockFormation_01.prefab
  artifactKey: Guid(2ed80e4af24778742a16837f6b64d172) Importer(815301076,1909f56bfc062723c751e8b465ee728b)
Start importing Assets/LowPolyAlienWorld/Rocks/Prefabs/RockFormation_01.prefab using Guid(2ed80e4af24778742a16837f6b64d172) Importer(815301076,1909f56bfc062723c751e8b465ee728b)  -> (artifact id: 'e56074ee2304a324ea8567be60a7ae09') in 0.017574 seconds 
========================================================================
Received Import Request.
  Time since last request: 136.165668 seconds.
  path: Assets/Sci-Fi Styled Modular Pack/Textures/base-color.png
  artifactKey: Guid(dfcd4dcb2145c6d4f9da3e7654d22d9e) Importer(815301076,1909f56bfc062723c751e8b465ee728b)
Start importing Assets/Sci-Fi Styled Modular Pack/Textures/base-color.png using Guid(dfcd4dcb2145c6d4f9da3e7654d22d9e) Importer(815301076,1909f56bfc062723c751e8b465ee728b)  -> (artifact id: 'c4203b088af7d829a715328067239b82') in 0.311848 seconds 
========================================================================
Received Import Request.
  Time since last request: 0.000147 seconds.
  path: Assets/ModAssets/Textures/billboard_2D_tall_mask.png
  artifactKey: Guid(bbe8d33a81a0549ce8ab1cee4aa7db2a) Importer(815301076,1909f56bfc062723c751e8b465ee728b)
Start importing Assets/ModAssets/Textures/billboard_2D_tall_mask.png using Guid(bbe8d33a81a0549ce8ab1cee4aa7db2a) Importer(815301076,1909f56bfc062723c751e8b465ee728b)  -> (artifact id: '14b61a4ffe5e56ec80286ff97ee1598e') in 0.065015 seconds 
========================================================================
Received Import Request.
  Time since last request: 0.000057 seconds.
  path: Assets/Sci-Fi Styled Modular Pack/Textures/base-color-normal.png
  artifactKey: Guid(ff91cef54bb04124b899f12176bee5d1) Importer(815301076,1909f56bfc062723c751e8b465ee728b)
Start importing Assets/Sci-Fi Styled Modular Pack/Textures/base-color-normal.png using Guid(ff91cef54bb04124b899f12176bee5d1) Importer(815301076,1909f56bfc062723c751e8b465ee728b)  -> (artifact id: 'ed4f9b2aa48895b119e99427bd52059b') in 0.020610 seconds 
========================================================================
Received Import Request.
  Time since last request: 0.000081 seconds.
  path: Assets/ModAssets/Textures/billboard_2D_wide.png
  artifactKey: Guid(3142e986a20354e5c9b3394e5ff7ae12) Importer(815301076,1909f56bfc062723c751e8b465ee728b)
Start importing Assets/ModAssets/Textures/billboard_2D_wide.png using Guid(3142e986a20354e5c9b3394e5ff7ae12) Importer(815301076,1909f56bfc062723c751e8b465ee728b)  -> (artifact id: '8cfaec69a577b9e0deed0ef0dfe3468a') in 0.028907 seconds 
========================================================================
Received Import Request.
  Time since last request: 4.809870 seconds.
  path: Assets/Sci-Fi Styled Modular Pack/Textures/black-color.png
  artifactKey: Guid(d35a86981ce0835469c36ee0215785b3) Importer(815301076,1909f56bfc062723c751e8b465ee728b)
Start importing Assets/Sci-Fi Styled Modular Pack/Textures/black-color.png using Guid(d35a86981ce0835469c36ee0215785b3) Importer(815301076,1909f56bfc062723c751e8b465ee728b)  -> (artifact id: 'bd0e11897b7d0639b562872fd7ca4143') in 0.038918 seconds 
========================================================================
Received Import Request.
  Time since last request: 16.420493 seconds.
  path: Assets/FPS/Art/Textures/Weapons/Blaster_Emissive.png
  artifactKey: Guid(20b216283c466304b861dd810ff1afac) Importer(815301076,1909f56bfc062723c751e8b465ee728b)
Start importing Assets/FPS/Art/Textures/Weapons/Blaster_Emissive.png using Guid(20b216283c466304b861dd810ff1afac) Importer(815301076,1909f56bfc062723c751e8b465ee728b)  -> (artifact id: '62f0ad26276033270121f18a08dfe6a8') in 0.042817 seconds 
========================================================================
Received Import Request.
  Time since last request: 0.000155 seconds.
  path: Assets/FPS/Art/Textures/Weapons/Blaster_MetallicSmooth.png
  artifactKey: Guid(1e3afee8a77520246b5e9d25112044aa) Importer(815301076,1909f56bfc062723c751e8b465ee728b)
Start importing Assets/FPS/Art/Textures/Weapons/Blaster_MetallicSmooth.png using Guid(1e3afee8a77520246b5e9d25112044aa) Importer(815301076,1909f56bfc062723c751e8b465ee728b)  -> (artifact id: '0b2217c8804004d4a49eee07f62c4752') in 0.013274 seconds 
========================================================================
Received Import Request.
  Time since last request: 0.668328 seconds.
  path: Assets/Sci-Fi Styled Modular Pack/Textures/blue-color.png
  artifactKey: Guid(a698da84decbb5f43881903177570fe2) Importer(815301076,1909f56bfc062723c751e8b465ee728b)
Start importing Assets/Sci-Fi Styled Modular Pack/Textures/blue-color.png using Guid(a698da84decbb5f43881903177570fe2) Importer(815301076,1909f56bfc062723c751e8b465ee728b)  -> (artifact id: '46ddadbd9066f216b3671aa6c699442e') in 0.015811 seconds 
========================================================================
Received Import Request.
  Time since last request: 0.130842 seconds.
  path: Assets/Sci-Fi Styled Modular Pack/Textures/bush.png
  artifactKey: Guid(e183aa09c01ee5b49b32b70535924240) Importer(815301076,1909f56bfc062723c751e8b465ee728b)
Start importing Assets/Sci-Fi Styled Modular Pack/Textures/bush.png using Guid(e183aa09c01ee5b49b32b70535924240) Importer(815301076,1909f56bfc062723c751e8b465ee728b)  -> (artifact id: '5d5f9fd7dedbe2d306f7f13e729c7ff9') in 0.014098 seconds 
========================================================================
Received Import Request.
  Time since last request: 0.461877 seconds.
  path: Assets/Sci-Fi Styled Modular Pack/Textures/coffee-color.png
  artifactKey: Guid(0444929aa8d1adf45a0fe7c3c3c8d205) Importer(815301076,1909f56bfc062723c751e8b465ee728b)
Start importing Assets/Sci-Fi Styled Modular Pack/Textures/coffee-color.png using Guid(0444929aa8d1adf45a0fe7c3c3c8d205) Importer(815301076,1909f56bfc062723c751e8b465ee728b)  -> (artifact id: '64dcb317ffe3321f38f1912e166ae9b4') in 0.016419 seconds 
========================================================================
Received Prepare
Registering precompiled user dll's ...
Registered in 0.002698 seconds.
Begin MonoManager ReloadAssembly
Symbol file LoadedFromMemory doesn't match image /Users/brodiesmith/Documents/coding/metaranger_v1/MetaRanger_v1/Library/PackageCache/com.unity.visualscripting@1.7.8/Editor/VisualScripting.Core/Dependencies/YamlDotNet/Unity.VisualScripting.YamlDotNet.dll
Symbol file LoadedFromMemory doesn't match image /Users/brodiesmith/Documents/coding/metaranger_v1/MetaRanger_v1/Library/PackageCache/com.unity.visualscripting@1.7.8/Editor/VisualScripting.Core/Dependencies/DotNetZip/Unity.VisualScripting.IonicZip.dll
Native extension for OSXStandalone target not found
Native extension for WebGL target not found
Refreshing native plugins compatible for Editor in 5.45 ms, found 2 plugins.
Preloading 0 native plugins for Editor in 0.00 ms.
Warning: Annotation not found!
UnityEngine.StackTraceUtility:ExtractStackTrace () (at /Users/bokken/buildslave/unity/build/Runtime/Export/Scripting/StackTrace.cs:37)
UnityEditor.ProBuilder.EditorUtility:SetGizmoIconEnabled (System.Type,bool) (at Library/PackageCache/com.unity.probuilder@5.0.3/Editor/EditorCore/EditorUtility.cs:575)
UnityEditor.ProBuilder.HierarchyListener:.cctor () (at Library/PackageCache/com.unity.probuilder@5.0.3/Editor/EditorCore/HierarchyListener.cs:21)
System.Runtime.CompilerServices.RuntimeHelpers:RunClassConstructor (System.RuntimeTypeHandle)
UnityEditor.EditorAssemblies:ProcessInitializeOnLoadAttributes (System.Type[]) (at /Users/bokken/buildslave/unity/build/Editor/Mono/EditorAssemblies.cs:126)

[Library/PackageCache/com.unity.probuilder@5.0.3/Editor/EditorCore/EditorUtility.cs line 575]

Mono: successfully reloaded assembly
- Completed reload, in  4.389 seconds
Domain Reload Profiling:
	ReloadAssembly (4391ms)
		BeginReloadAssembly (994ms)
			ExecutionOrderSort (0ms)
			DisableScriptedObjects (61ms)
			BackupInstance (0ms)
			ReleaseScriptingObjects (0ms)
			CreateAndSetChildDomain (159ms)
		EndReloadAssembly (3028ms)
			LoadAssemblies (709ms)
			RebuildTransferFunctionScriptingTraits (0ms)
			SetupTypeCache (516ms)
			ReleaseScriptCaches (30ms)
			RebuildScriptCaches (71ms)
			SetupLoadedEditorAssemblies (1892ms)
				LogAssemblyErrors (0ms)
				InitializePlatformSupportModulesInManaged (39ms)
				SetLoadedEditorAssemblies (2ms)
				RefreshPlugins (6ms)
				BeforeProcessingInitializeOnLoad (168ms)
				ProcessInitializeOnLoadAttributes (1338ms)
				ProcessInitializeOnLoadMethodAttributes (336ms)
				AfterProcessingInitializeOnLoad (1ms)
				EditorAssembliesLoaded (1ms)
			ExecutionOrderSort2 (0ms)
			AwakeInstancesAfterBackupRestoration (89ms)
Platform modules already initialized, skipping
Refreshing native plugins compatible for Editor in 3.25 ms, found 2 plugins.
Preloading 0 native plugins for Editor in 0.00 ms.
Unloading 5679 Unused Serialized files (Serialized files now loaded: 0)
Unloading 70 unused Assets / (3.4 MB). Loaded Objects now: 6309.
Memory consumption went from 443.8 MB to 440.4 MB.
Total: 25.208583 ms (FindLiveObjects: 0.667958 ms CreateObjectMapping: 0.267750 ms MarkObjects: 20.072625 ms  DeleteObjects: 4.196583 ms)

AssetImportParameters requested are different than current active one (requested -> active):
  custom:video-decoder-ogg-theora: a1e56fd34408186e4bbccfd4996cb3dc -> 
  custom:container-muxer-webm: aa71ff27fc2769a1b78a27578f13a17b -> 
  custom:container-demuxer-webm: 4f35f7cbe854078d1ac9338744f61a02 -> 
  custom:video-encoder-webm-vp8: eb34c28f22e8b96e1ab97ce403110664 -> 
  custom:framework-osx-AVFoundation: e770b220cccbd017edd2c1fefb359320 -> 
  custom:audio-encoder-webm-vorbis: bf7c407c2cedff20999df2af8eb42d56 -> 
  custom:SearchIndexIgnoredProperties: e643bd26f0fe6173181afceb89e7c659 -> 
  custom:container-demuxer-ogg: 62fdf1f143b41e24485cea50d1cbac27 -> 
  custom:video-decoder-webm-vp8: 9c59270c3fd7afecdb556c50c9e8de78 -> 
  custom:audio-decoder-ogg-vorbis: bf7c407c2cedff20999df2af8eb42d56 -> 
========================================================================
Received Prepare
Registering precompiled user dll's ...
Registered in 0.002482 seconds.
Begin MonoManager ReloadAssembly
Symbol file LoadedFromMemory doesn't match image /Users/brodiesmith/Documents/coding/metaranger_v1/MetaRanger_v1/Library/PackageCache/com.unity.visualscripting@1.7.8/Editor/VisualScripting.Core/Dependencies/YamlDotNet/Unity.VisualScripting.YamlDotNet.dll
Symbol file LoadedFromMemory doesn't match image /Users/brodiesmith/Documents/coding/metaranger_v1/MetaRanger_v1/Library/PackageCache/com.unity.visualscripting@1.7.8/Editor/VisualScripting.Core/Dependencies/DotNetZip/Unity.VisualScripting.IonicZip.dll
Native extension for OSXStandalone target not found
Native extension for WebGL target not found
Refreshing native plugins compatible for Editor in 1.91 ms, found 2 plugins.
Preloading 0 native plugins for Editor in 0.00 ms.
Warning: Annotation not found!
UnityEngine.StackTraceUtility:ExtractStackTrace () (at /Users/bokken/buildslave/unity/build/Runtime/Export/Scripting/StackTrace.cs:37)
UnityEditor.ProBuilder.EditorUtility:SetGizmoIconEnabled (System.Type,bool) (at Library/PackageCache/com.unity.probuilder@5.0.3/Editor/EditorCore/EditorUtility.cs:575)
UnityEditor.ProBuilder.HierarchyListener:.cctor () (at Library/PackageCache/com.unity.probuilder@5.0.3/Editor/EditorCore/HierarchyListener.cs:21)
System.Runtime.CompilerServices.RuntimeHelpers:RunClassConstructor (System.RuntimeTypeHandle)
UnityEditor.EditorAssemblies:ProcessInitializeOnLoadAttributes (System.Type[]) (at /Users/bokken/buildslave/unity/build/Editor/Mono/EditorAssemblies.cs:126)

[Library/PackageCache/com.unity.probuilder@5.0.3/Editor/EditorCore/EditorUtility.cs line 575]

Mono: successfully reloaded assembly
- Completed reload, in  3.888 seconds
Domain Reload Profiling:
	ReloadAssembly (3890ms)
		BeginReloadAssembly (411ms)
			ExecutionOrderSort (0ms)
			DisableScriptedObjects (51ms)
			BackupInstance (0ms)
			ReleaseScriptingObjects (0ms)
			CreateAndSetChildDomain (115ms)
		EndReloadAssembly (3209ms)
			LoadAssemblies (220ms)
			RebuildTransferFunctionScriptingTraits (0ms)
			SetupTypeCache (582ms)
			ReleaseScriptCaches (15ms)
			RebuildScriptCaches (70ms)
			SetupLoadedEditorAssemblies (1953ms)
				LogAssemblyErrors (0ms)
				InitializePlatformSupportModulesInManaged (46ms)
				SetLoadedEditorAssemblies (2ms)
				RefreshPlugins (2ms)
				BeforeProcessingInitializeOnLoad (195ms)
				ProcessInitializeOnLoadAttributes (1355ms)
				ProcessInitializeOnLoadMethodAttributes (348ms)
				AfterProcessingInitializeOnLoad (1ms)
				EditorAssembliesLoaded (4ms)
			ExecutionOrderSort2 (0ms)
			AwakeInstancesAfterBackupRestoration (115ms)
Platform modules already initialized, skipping
Refreshing native plugins compatible for Editor in 2.88 ms, found 2 plugins.
Preloading 0 native plugins for Editor in 0.00 ms.
Unloading 5680 Unused Serialized files (Serialized files now loaded: 0)
Unloading 70 unused Assets / (3.4 MB). Loaded Objects now: 6312.
Memory consumption went from 444.0 MB to 440.6 MB.
Total: 20.461292 ms (FindLiveObjects: 0.831708 ms CreateObjectMapping: 0.277167 ms MarkObjects: 16.870708 ms  DeleteObjects: 2.480208 ms)

AssetImportParameters requested are different than current active one (requested -> active):
  custom:video-decoder-ogg-theora: a1e56fd34408186e4bbccfd4996cb3dc -> 
  custom:container-muxer-webm: aa71ff27fc2769a1b78a27578f13a17b -> 
  custom:container-demuxer-webm: 4f35f7cbe854078d1ac9338744f61a02 -> 
  custom:video-encoder-webm-vp8: eb34c28f22e8b96e1ab97ce403110664 -> 
  custom:framework-osx-AVFoundation: e770b220cccbd017edd2c1fefb359320 -> 
  custom:audio-encoder-webm-vorbis: bf7c407c2cedff20999df2af8eb42d56 -> 
  custom:SearchIndexIgnoredProperties: e643bd26f0fe6173181afceb89e7c659 -> 
  custom:container-demuxer-ogg: 62fdf1f143b41e24485cea50d1cbac27 -> 
  custom:video-decoder-webm-vp8: 9c59270c3fd7afecdb556c50c9e8de78 -> 
  custom:audio-decoder-ogg-vorbis: bf7c407c2cedff20999df2af8eb42d56 -> 
========================================================================
Received Prepare
Registering precompiled user dll's ...
Registered in 0.002614 seconds.
Begin MonoManager ReloadAssembly
Symbol file LoadedFromMemory doesn't match image /Users/brodiesmith/Documents/coding/metaranger_v1/MetaRanger_v1/Library/PackageCache/com.unity.visualscripting@1.7.8/Editor/VisualScripting.Core/Dependencies/YamlDotNet/Unity.VisualScripting.YamlDotNet.dll
Symbol file LoadedFromMemory doesn't match image /Users/brodiesmith/Documents/coding/metaranger_v1/MetaRanger_v1/Library/PackageCache/com.unity.visualscripting@1.7.8/Editor/VisualScripting.Core/Dependencies/DotNetZip/Unity.VisualScripting.IonicZip.dll
Native extension for OSXStandalone target not found
Native extension for WebGL target not found
Refreshing native plugins compatible for Editor in 5.25 ms, found 2 plugins.
Preloading 0 native plugins for Editor in 0.00 ms.
Warning: Annotation not found!
UnityEngine.StackTraceUtility:ExtractStackTrace () (at /Users/bokken/buildslave/unity/build/Runtime/Export/Scripting/StackTrace.cs:37)
UnityEditor.ProBuilder.EditorUtility:SetGizmoIconEnabled (System.Type,bool) (at Library/PackageCache/com.unity.probuilder@5.0.3/Editor/EditorCore/EditorUtility.cs:575)
UnityEditor.ProBuilder.HierarchyListener:.cctor () (at Library/PackageCache/com.unity.probuilder@5.0.3/Editor/EditorCore/HierarchyListener.cs:21)
System.Runtime.CompilerServices.RuntimeHelpers:RunClassConstructor (System.RuntimeTypeHandle)
UnityEditor.EditorAssemblies:ProcessInitializeOnLoadAttributes (System.Type[]) (at /Users/bokken/buildslave/unity/build/Editor/Mono/EditorAssemblies.cs:126)

[Library/PackageCache/com.unity.probuilder@5.0.3/Editor/EditorCore/EditorUtility.cs line 575]

Mono: successfully reloaded assembly
- Completed reload, in  3.769 seconds
Domain Reload Profiling:
	ReloadAssembly (3771ms)
		BeginReloadAssembly (386ms)
			ExecutionOrderSort (0ms)
			DisableScriptedObjects (54ms)
			BackupInstance (0ms)
			ReleaseScriptingObjects (0ms)
			CreateAndSetChildDomain (121ms)
		EndReloadAssembly (3108ms)
			LoadAssemblies (188ms)
			RebuildTransferFunctionScriptingTraits (0ms)
			SetupTypeCache (504ms)
			ReleaseScriptCaches (31ms)
			RebuildScriptCaches (64ms)
			SetupLoadedEditorAssemblies (1930ms)
				LogAssemblyErrors (0ms)
				InitializePlatformSupportModulesInManaged (42ms)
				SetLoadedEditorAssemblies (3ms)
				RefreshPlugins (5ms)
				BeforeProcessingInitializeOnLoad (183ms)
				ProcessInitializeOnLoadAttributes (1284ms)
				ProcessInitializeOnLoadMethodAttributes (409ms)
				AfterProcessingInitializeOnLoad (1ms)
				EditorAssembliesLoaded (3ms)
			ExecutionOrderSort2 (0ms)
			AwakeInstancesAfterBackupRestoration (72ms)
Platform modules already initialized, skipping
Refreshing native plugins compatible for Editor in 2.93 ms, found 2 plugins.
Preloading 0 native plugins for Editor in 0.00 ms.
Unloading 5680 Unused Serialized files (Serialized files now loaded: 0)
Unloading 70 unused Assets / (3.4 MB). Loaded Objects now: 6315.
Memory consumption went from 444.3 MB to 440.9 MB.
Total: 19.010583 ms (FindLiveObjects: 0.649792 ms CreateObjectMapping: 3.102667 ms MarkObjects: 13.241292 ms  DeleteObjects: 2.015666 ms)

AssetImportParameters requested are different than current active one (requested -> active):
  custom:video-decoder-ogg-theora: a1e56fd34408186e4bbccfd4996cb3dc -> 
  custom:container-muxer-webm: aa71ff27fc2769a1b78a27578f13a17b -> 
  custom:container-demuxer-webm: 4f35f7cbe854078d1ac9338744f61a02 -> 
  custom:video-encoder-webm-vp8: eb34c28f22e8b96e1ab97ce403110664 -> 
  custom:framework-osx-AVFoundation: e770b220cccbd017edd2c1fefb359320 -> 
  custom:audio-encoder-webm-vorbis: bf7c407c2cedff20999df2af8eb42d56 -> 
  custom:SearchIndexIgnoredProperties: e643bd26f0fe6173181afceb89e7c659 -> 
  custom:container-demuxer-ogg: 62fdf1f143b41e24485cea50d1cbac27 -> 
  custom:video-decoder-webm-vp8: 9c59270c3fd7afecdb556c50c9e8de78 -> 
  custom:audio-decoder-ogg-vorbis: bf7c407c2cedff20999df2af8eb42d56 -> 
========================================================================
Received Prepare
Registering precompiled user dll's ...
Registered in 0.002655 seconds.
Begin MonoManager ReloadAssembly
Symbol file LoadedFromMemory doesn't match image /Users/brodiesmith/Documents/coding/metaranger_v1/MetaRanger_v1/Library/PackageCache/com.unity.visualscripting@1.7.8/Editor/VisualScripting.Core/Dependencies/YamlDotNet/Unity.VisualScripting.YamlDotNet.dll
Symbol file LoadedFromMemory doesn't match image /Users/brodiesmith/Documents/coding/metaranger_v1/MetaRanger_v1/Library/PackageCache/com.unity.visualscripting@1.7.8/Editor/VisualScripting.Core/Dependencies/DotNetZip/Unity.VisualScripting.IonicZip.dll
Native extension for OSXStandalone target not found
Native extension for WebGL target not found
Refreshing native plugins compatible for Editor in 1.88 ms, found 2 plugins.
Preloading 0 native plugins for Editor in 0.00 ms.
Warning: Annotation not found!
UnityEngine.StackTraceUtility:ExtractStackTrace () (at /Users/bokken/buildslave/unity/build/Runtime/Export/Scripting/StackTrace.cs:37)
UnityEditor.ProBuilder.EditorUtility:SetGizmoIconEnabled (System.Type,bool) (at Library/PackageCache/com.unity.probuilder@5.0.3/Editor/EditorCore/EditorUtility.cs:575)
UnityEditor.ProBuilder.HierarchyListener:.cctor () (at Library/PackageCache/com.unity.probuilder@5.0.3/Editor/EditorCore/HierarchyListener.cs:21)
System.Runtime.CompilerServices.RuntimeHelpers:RunClassConstructor (System.RuntimeTypeHandle)
UnityEditor.EditorAssemblies:ProcessInitializeOnLoadAttributes (System.Type[]) (at /Users/bokken/buildslave/unity/build/Editor/Mono/EditorAssemblies.cs:126)

[Library/PackageCache/com.unity.probuilder@5.0.3/Editor/EditorCore/EditorUtility.cs line 575]

Mono: successfully reloaded assembly
- Completed reload, in  3.876 seconds
Domain Reload Profiling:
	ReloadAssembly (3878ms)
		BeginReloadAssembly (373ms)
			ExecutionOrderSort (0ms)
			DisableScriptedObjects (41ms)
			BackupInstance (0ms)
			ReleaseScriptingObjects (0ms)
			CreateAndSetChildDomain (120ms)
		EndReloadAssembly (3257ms)
			LoadAssemblies (203ms)
			RebuildTransferFunctionScriptingTraits (0ms)
			SetupTypeCache (580ms)
			ReleaseScriptCaches (15ms)
			RebuildScriptCaches (76ms)
			SetupLoadedEditorAssemblies (1991ms)
				LogAssemblyErrors (0ms)
				InitializePlatformSupportModulesInManaged (44ms)
				SetLoadedEditorAssemblies (2ms)
				RefreshPlugins (2ms)
				BeforeProcessingInitializeOnLoad (183ms)
				ProcessInitializeOnLoadAttributes (1285ms)
				ProcessInitializeOnLoadMethodAttributes (473ms)
				AfterProcessingInitializeOnLoad (2ms)
				EditorAssembliesLoaded (1ms)
			ExecutionOrderSort2 (0ms)
			AwakeInstancesAfterBackupRestoration (69ms)
Platform modules already initialized, skipping
Refreshing native plugins compatible for Editor in 5.61 ms, found 2 plugins.
Preloading 0 native plugins for Editor in 0.00 ms.
Unloading 5680 Unused Serialized files (Serialized files now loaded: 0)
Unloading 70 unused Assets / (3.4 MB). Loaded Objects now: 6318.
Memory consumption went from 444.9 MB to 441.5 MB.
Total: 13.652292 ms (FindLiveObjects: 0.531500 ms CreateObjectMapping: 0.284834 ms MarkObjects: 10.949500 ms  DeleteObjects: 1.885000 ms)

AssetImportParameters requested are different than current active one (requested -> active):
  custom:video-decoder-ogg-theora: a1e56fd34408186e4bbccfd4996cb3dc -> 
  custom:container-muxer-webm: aa71ff27fc2769a1b78a27578f13a17b -> 
  custom:container-demuxer-webm: 4f35f7cbe854078d1ac9338744f61a02 -> 
  custom:video-encoder-webm-vp8: eb34c28f22e8b96e1ab97ce403110664 -> 
  custom:framework-osx-AVFoundation: e770b220cccbd017edd2c1fefb359320 -> 
  custom:audio-encoder-webm-vorbis: bf7c407c2cedff20999df2af8eb42d56 -> 
  custom:SearchIndexIgnoredProperties: e643bd26f0fe6173181afceb89e7c659 -> 
  custom:container-demuxer-ogg: 62fdf1f143b41e24485cea50d1cbac27 -> 
  custom:video-decoder-webm-vp8: 9c59270c3fd7afecdb556c50c9e8de78 -> 
  custom:audio-decoder-ogg-vorbis: bf7c407c2cedff20999df2af8eb42d56 -> 
========================================================================
Received Prepare
Registering precompiled user dll's ...
Registered in 0.002686 seconds.
Begin MonoManager ReloadAssembly
Symbol file LoadedFromMemory doesn't match image /Users/brodiesmith/Documents/coding/metaranger_v1/MetaRanger_v1/Library/PackageCache/com.unity.visualscripting@1.7.8/Editor/VisualScripting.Core/Dependencies/YamlDotNet/Unity.VisualScripting.YamlDotNet.dll
Symbol file LoadedFromMemory doesn't match image /Users/brodiesmith/Documents/coding/metaranger_v1/MetaRanger_v1/Library/PackageCache/com.unity.visualscripting@1.7.8/Editor/VisualScripting.Core/Dependencies/DotNetZip/Unity.VisualScripting.IonicZip.dll
Native extension for OSXStandalone target not found
Native extension for WebGL target not found
Refreshing native plugins compatible for Editor in 3.10 ms, found 2 plugins.
Preloading 0 native plugins for Editor in 0.00 ms.
Warning: Annotation not found!
UnityEngine.StackTraceUtility:ExtractStackTrace () (at /Users/bokken/buildslave/unity/build/Runtime/Export/Scripting/StackTrace.cs:37)
UnityEditor.ProBuilder.EditorUtility:SetGizmoIconEnabled (System.Type,bool) (at Library/PackageCache/com.unity.probuilder@5.0.3/Editor/EditorCore/EditorUtility.cs:575)
UnityEditor.ProBuilder.HierarchyListener:.cctor () (at Library/PackageCache/com.unity.probuilder@5.0.3/Editor/EditorCore/HierarchyListener.cs:21)
System.Runtime.CompilerServices.RuntimeHelpers:RunClassConstructor (System.RuntimeTypeHandle)
UnityEditor.EditorAssemblies:ProcessInitializeOnLoadAttributes (System.Type[]) (at /Users/bokken/buildslave/unity/build/Editor/Mono/EditorAssemblies.cs:126)

[Library/PackageCache/com.unity.probuilder@5.0.3/Editor/EditorCore/EditorUtility.cs line 575]

Mono: successfully reloaded assembly
- Completed reload, in  3.991 seconds
Domain Reload Profiling:
	ReloadAssembly (3994ms)
		BeginReloadAssembly (541ms)
			ExecutionOrderSort (0ms)
			DisableScriptedObjects (83ms)
			BackupInstance (0ms)
			ReleaseScriptingObjects (0ms)
			CreateAndSetChildDomain (163ms)
		EndReloadAssembly (3123ms)
			LoadAssemblies (271ms)
			RebuildTransferFunctionScriptingTraits (0ms)
			SetupTypeCache (546ms)
			ReleaseScriptCaches (37ms)
			RebuildScriptCaches (69ms)
			SetupLoadedEditorAssemblies (1933ms)
				LogAssemblyErrors (0ms)
				InitializePlatformSupportModulesInManaged (36ms)
				SetLoadedEditorAssemblies (2ms)
				RefreshPlugins (3ms)
				BeforeProcessingInitializeOnLoad (190ms)
				ProcessInitializeOnLoadAttributes (1344ms)
				ProcessInitializeOnLoadMethodAttributes (354ms)
				AfterProcessingInitializeOnLoad (2ms)
				EditorAssembliesLoaded (1ms)
			ExecutionOrderSort2 (0ms)
			AwakeInstancesAfterBackupRestoration (62ms)
Platform modules already initialized, skipping
Script is not up to date after domain reload: guid(05fa18d180bd4dcea12922b6cff680e2) path("Packages/com.unity.probuilder/Editor/EditorCore/MeshDebugTool.cs") state(2)
Script is not up to date after domain reload: guid(a00a369d82c4f7f47ae4dc5c2be474b8) path("Packages/com.unity.progrids/Runtime/IgnoreSnapAttribute.cs") state(2)
Script is not up to date after domain reload: guid(e835b73676a6e469aaac98a8b9ff3a48) path("Packages/com.unity.progrids/Tests/Editor/SnapOnSelectedAxisOnly.cs") state(2)
Script is not up to date after domain reload: guid(d3b407d7cf143004f8e7f9de0969d275) path("Packages/com.unity.progrids/Editor/ProGridsEnums.cs") state(2)
Script is not up to date after domain reload: guid(91e17c4725d568e4a8ade4766f774bfc) path("Packages/com.unity.progrids/Editor/Snapping.cs") state(2)
Script is not up to date after domain reload: guid(9ec02f5604afd41069b873611f60c719) path("Packages/com.unity.progrids/Editor/ProGridsSettingsProvider.cs") state(2)
Script is not up to date after domain reload: guid(445a15c2908f1374a8aaad33541a66b2) path("Packages/com.unity.progrids/Tests/Runtime/IgnoreSnapInterface.cs") state(2)
Script is not up to date after domain reload: guid(19a8719bbc0e11f46b9cd7b9debdfc12) path("Packages/com.unity.progrids/Editor/Preferences.cs") state(2)
Script is not up to date after domain reload: guid(31c962280094e7146b53cd8abdfa5957) path("Packages/com.unity.progrids/Runtime/IgnoreSnap.cs") state(2)
Script is not up to date after domain reload: guid(d7bdf1318dc164d50a2e3c37cb09494a) path("Packages/com.unity.progrids/Tests/Editor/SnapOnAllAxes.cs") state(2)
Script is not up to date after domain reload: guid(192dd82c3ebd3b647ae292174a2f36a6) path("Packages/com.unity.progrids/Editor/IconUtility.cs") state(2)
Script is not up to date after domain reload: guid(add27a30fc9c74bb48a111f8b27c2c8a) path("Packages/com.unity.progrids/Editor/MenuItems.cs") state(2)
Script is not up to date after domain reload: guid(f7ba37814af43bf41810a98b5811dee1) path("Packages/com.unity.progrids/Tests/Editor/IgnoreInterfaceIsRespected.cs") state(2)
Script is not up to date after domain reload: guid(0ab80081d3e2f274ba76a692cdcfa8d9) path("Packages/com.unity.progrids/Editor/ProGridsEditor.cs") state(2)
Script is not up to date after domain reload: guid(62ca02619442b364a81cca5a30c687d4) path("Packages/com.unity.progrids/Editor/Changelog.cs") state(2)
Script is not up to date after domain reload: guid(1f8949d910842a4418d15c6bc1749be5) path("Packages/com.unity.progrids/Editor/SemVer.cs") state(2)
Script is not up to date after domain reload: guid(66b1c4a9ec825c7458f935aae34d66b1) path("Packages/com.unity.progrids/Editor/ToggleContent.cs") state(2)
Script is not up to date after domain reload: guid(9dc4bcf4f01eb4e34a13eb79da442b28) path("Packages/com.unity.progrids/Editor/ProGridsSceneToolbar.cs") state(2)
Script is not up to date after domain reload: guid(b6cb3471ccbde8148a2b76fa987fa0a8) path("Packages/com.unity.progrids/Editor/AssemblyInfo.cs") state(2)
Script is not up to date after domain reload: guid(485f27eb54532614d89e7e2dc5c9aebc) path("Packages/com.unity.progrids/Editor/SnapSettings.cs") state(2)
Script is not up to date after domain reload: guid(244d57cf7fd6842e19000793e2bbac4e) path("Packages/com.unity.progrids/Tests/Editor/IgnoreAttributeIsRespected.cs") state(2)
Script is not up to date after domain reload: guid(876d5900da5ecbb4885bf2be031e50e8) path("Packages/com.unity.progrids/Tests/Runtime/IgnoreSnapConditionalAttribute.cs") state(2)
Script is not up to date after domain reload: guid(e0a94bc67627046b3a6a1f7ebfeafa2a) path("Packages/com.unity.progrids/Editor/PlayModeStateListener.cs") state(2)
Script is not up to date after domain reload: guid(361cb9f8460027f4a88a1b9610de18c0) path("Packages/com.unity.progrids/Editor/ScenePreferencesWindow.cs") state(2)
Script is not up to date after domain reload: guid(bdb300e663dad44ca9f0a74c96e6f937) path("Packages/com.unity.progrids/Editor/EditorUtility.cs") state(2)
Script is not up to date after domain reload: guid(8b2cff15c28de0f4ba38eafc29cd64fa) path("Packages/com.unity.progrids/Editor/PreferenceKeys.cs") state(2)
Script is not up to date after domain reload: guid(6367e9291991f466897f892a41dd75ff) path("Packages/com.unity.progrids/Editor/GridRenderer.cs") state(2)
Script is not up to date after domain reload: guid(d4e65de48089c1f428c3752b69114f23) path("Packages/com.unity.progrids/Editor/Version.cs") state(2)
Script is not up to date after domain reload: guid(4bddc56d76fd9ac49afc63c7dc797ace) path("Packages/com.unity.progrids/Tests/Editor/ReflectedMethodExist.cs") state(2)
Script is not up to date after domain reload: guid(22ff4377d8be47cdacb8aefc715b08c4) path("Packages/com.unity.progrids/Editor/Defaults.cs") state(2)
Refreshing native plugins compatible for Editor in 3.16 ms, found 2 plugins.
Preloading 0 native plugins for Editor in 0.00 ms.
Unloading 5683 Unused Serialized files (Serialized files now loaded: 0)
Unloading 70 unused Assets / (3.5 MB). Loaded Objects now: 6323.
Memory consumption went from 445.7 MB to 442.2 MB.
Total: 26.975667 ms (FindLiveObjects: 4.133375 ms CreateObjectMapping: 0.265625 ms MarkObjects: 20.033875 ms  DeleteObjects: 2.541625 ms)

AssetImportParameters requested are different than current active one (requested -> active):
  custom:video-decoder-ogg-theora: a1e56fd34408186e4bbccfd4996cb3dc -> 
  custom:container-muxer-webm: aa71ff27fc2769a1b78a27578f13a17b -> 
  custom:container-demuxer-webm: 4f35f7cbe854078d1ac9338744f61a02 -> 
  custom:video-encoder-webm-vp8: eb34c28f22e8b96e1ab97ce403110664 -> 
  custom:framework-osx-AVFoundation: e770b220cccbd017edd2c1fefb359320 -> 
  custom:audio-encoder-webm-vorbis: bf7c407c2cedff20999df2af8eb42d56 -> 
  custom:SearchIndexIgnoredProperties: e643bd26f0fe6173181afceb89e7c659 -> 
  custom:container-demuxer-ogg: 62fdf1f143b41e24485cea50d1cbac27 -> 
  custom:video-decoder-webm-vp8: 9c59270c3fd7afecdb556c50c9e8de78 -> 
  custom:audio-decoder-ogg-vorbis: bf7c407c2cedff20999df2af8eb42d56 -> 
========================================================================
Received Prepare
Registering precompiled user dll's ...
Registered in 0.013460 seconds.
Begin MonoManager ReloadAssembly
Symbol file LoadedFromMemory doesn't match image /Users/brodiesmith/Documents/coding/metaranger_v1/MetaRanger_v1/Library/PackageCache/com.unity.visualscripting@1.7.8/Editor/VisualScripting.Core/Dependencies/YamlDotNet/Unity.VisualScripting.YamlDotNet.dll
Symbol file LoadedFromMemory doesn't match image /Users/brodiesmith/Documents/coding/metaranger_v1/MetaRanger_v1/Library/PackageCache/com.unity.visualscripting@1.7.8/Editor/VisualScripting.Core/Dependencies/DotNetZip/Unity.VisualScripting.IonicZip.dll
Native extension for OSXStandalone target not found
Native extension for WebGL target not found
Refreshing native plugins compatible for Editor in 1.90 ms, found 2 plugins.
Preloading 0 native plugins for Editor in 0.00 ms.
Mono: successfully reloaded assembly
- Completed reload, in  3.916 seconds
Domain Reload Profiling:
	ReloadAssembly (3919ms)
		BeginReloadAssembly (511ms)
			ExecutionOrderSort (0ms)
			DisableScriptedObjects (68ms)
			BackupInstance (0ms)
			ReleaseScriptingObjects (0ms)
			CreateAndSetChildDomain (142ms)
		EndReloadAssembly (3048ms)
			LoadAssemblies (267ms)
			RebuildTransferFunctionScriptingTraits (0ms)
			SetupTypeCache (531ms)
			ReleaseScriptCaches (33ms)
			RebuildScriptCaches (70ms)
			SetupLoadedEditorAssemblies (1840ms)
				LogAssemblyErrors (0ms)
				InitializePlatformSupportModulesInManaged (43ms)
				SetLoadedEditorAssemblies (2ms)
				RefreshPlugins (2ms)
				BeforeProcessingInitializeOnLoad (189ms)
				ProcessInitializeOnLoadAttributes (1293ms)
				ProcessInitializeOnLoadMethodAttributes (309ms)
				AfterProcessingInitializeOnLoad (2ms)
				EditorAssembliesLoaded (1ms)
			ExecutionOrderSort2 (0ms)
			AwakeInstancesAfterBackupRestoration (61ms)
Platform modules already initialized, skipping
Refreshing native plugins compatible for Editor in 2.54 ms, found 2 plugins.
Preloading 0 native plugins for Editor in 0.00 ms.
Unloading 5713 Unused Serialized files (Serialized files now loaded: 0)
Unloading 71 unused Assets / (3.4 MB). Loaded Objects now: 6356.
Memory consumption went from 446.9 MB to 443.5 MB.
Total: 10.973000 ms (FindLiveObjects: 0.510541 ms CreateObjectMapping: 0.242625 ms MarkObjects: 8.360542 ms  DeleteObjects: 1.857292 ms)

AssetImportParameters requested are different than current active one (requested -> active):
  custom:video-decoder-ogg-theora: a1e56fd34408186e4bbccfd4996cb3dc -> 
  custom:container-muxer-webm: aa71ff27fc2769a1b78a27578f13a17b -> 
  custom:container-demuxer-webm: 4f35f7cbe854078d1ac9338744f61a02 -> 
  custom:video-encoder-webm-vp8: eb34c28f22e8b96e1ab97ce403110664 -> 
  custom:framework-osx-AVFoundation: e770b220cccbd017edd2c1fefb359320 -> 
  custom:audio-encoder-webm-vorbis: bf7c407c2cedff20999df2af8eb42d56 -> 
  custom:SearchIndexIgnoredProperties: e643bd26f0fe6173181afceb89e7c659 -> 
  custom:container-demuxer-ogg: 62fdf1f143b41e24485cea50d1cbac27 -> 
  custom:video-decoder-webm-vp8: 9c59270c3fd7afecdb556c50c9e8de78 -> 
  custom:audio-decoder-ogg-vorbis: bf7c407c2cedff20999df2af8eb42d56 -> 
========================================================================
Received Import Request.
  Time since last request: 715.451420 seconds.
  path: Assets/FPS/Prefabs/Enemies/Enemy_Turret.prefab
  artifactKey: Guid(e29d43f43cc5d82499dd9926e01847d3) Importer(815301076,1909f56bfc062723c751e8b465ee728b)
Start importing Assets/FPS/Prefabs/Enemies/Enemy_Turret.prefab using Guid(e29d43f43cc5d82499dd9926e01847d3) Importer(815301076,1909f56bfc062723c751e8b465ee728b) Tried select unknown importer for id '-2' '00000000000000000000000000000000'
 -> (artifact id: 'c0a859f7ad181970b9cdb17743be63b1') in 1.133878 seconds 
========================================================================
Received Import Request.
  Time since last request: 58.401611 seconds.
  path: Assets/AssetStoreOriginals/_SNAPS_PrototypingAssets/SciFi_Industrial/Prefabs/Props/Meshes/Barrel_01_snaps002.asset
  artifactKey: Guid(8f860065327079442b9d4dcce5eafdee) Importer(815301076,1909f56bfc062723c751e8b465ee728b)
Start importing Assets/AssetStoreOriginals/_SNAPS_PrototypingAssets/SciFi_Industrial/Prefabs/Props/Meshes/Barrel_01_snaps002.asset using Guid(8f860065327079442b9d4dcce5eafdee) Importer(815301076,1909f56bfc062723c751e8b465ee728b)  -> (artifact id: '6feabf415bc1992a7cf688aba47b4d0a') in 0.370658 seconds 
========================================================================
Received Import Request.
  Time since last request: 0.000586 seconds.
  path: Assets/AssetStoreOriginals/_SNAPS_PrototypingAssets/SciFi_Industrial/Prefabs/Decor/Meshes/Conduit_M_01_snaps002.asset
  artifactKey: Guid(22c5cd492a78eac47891e39fe24728ea) Importer(815301076,1909f56bfc062723c751e8b465ee728b)
Start importing Assets/AssetStoreOriginals/_SNAPS_PrototypingAssets/SciFi_Industrial/Prefabs/Decor/Meshes/Conduit_M_01_snaps002.asset using Guid(22c5cd492a78eac47891e39fe24728ea) Importer(815301076,1909f56bfc062723c751e8b465ee728b)  -> (artifact id: 'ea1490ba8e63239e55302c618661f058') in 0.013220 seconds 
========================================================================
Received Import Request.
  Time since last request: 0.000087 seconds.
  path: Assets/AssetStoreOriginals/_SNAPS_PrototypingAssets/SciFi_Industrial/Materials/Black Plastic_snaps002.mat
  artifactKey: Guid(7332bdaf1f2a0394ea703cbaf96db22e) Importer(815301076,1909f56bfc062723c751e8b465ee728b)
Start importing Assets/AssetStoreOriginals/_SNAPS_PrototypingAssets/SciFi_Industrial/Materials/Black Plastic_snaps002.mat using Guid(7332bdaf1f2a0394ea703cbaf96db22e) Importer(815301076,1909f56bfc062723c751e8b465ee728b)  -> (artifact id: 'e5cf49403312968938d4e3841b7fe580') in 0.076027 seconds 
========================================================================
Received Import Request.
  Time since last request: 0.000085 seconds.
  path: Assets/AssetStoreOriginals/_SNAPS_PrototypingAssets/SciFi_Industrial/Prefabs/Decor/Meshes/Conduit_M_02_snaps002.asset
  artifactKey: Guid(0a706bf26caf22b4da21622dedd6cfd0) Importer(815301076,1909f56bfc062723c751e8b465ee728b)
Start importing Assets/AssetStoreOriginals/_SNAPS_PrototypingAssets/SciFi_Industrial/Prefabs/Decor/Meshes/Conduit_M_02_snaps002.asset using Guid(0a706bf26caf22b4da21622dedd6cfd0) Importer(815301076,1909f56bfc062723c751e8b465ee728b)  -> (artifact id: '065e42692d2d107dd519a0ccecf91f13') in 0.008719 seconds 
========================================================================
Received Import Request.
  Time since last request: 0.000074 seconds.
  path: Assets/AssetStoreOriginals/_SNAPS_PrototypingAssets/SciFi_Industrial/Prefabs/Decor/Meshes/CapShock_M_03_snaps002.asset
  artifactKey: Guid(1f1d4a08682aabf40811760fd8ddc02f) Importer(815301076,1909f56bfc062723c751e8b465ee728b)
Start importing Assets/AssetStoreOriginals/_SNAPS_PrototypingAssets/SciFi_Industrial/Prefabs/Decor/Meshes/CapShock_M_03_snaps002.asset using Guid(1f1d4a08682aabf40811760fd8ddc02f) Importer(815301076,1909f56bfc062723c751e8b465ee728b)  -> (artifact id: '1be0139a85eaa6ef6e5d25138dd2c905') in 0.013318 seconds 
========================================================================
Received Import Request.
  Time since last request: 0.000076 seconds.
  path: Assets/AssetStoreOriginals/_SNAPS_PrototypingAssets/SciFi_Industrial/Materials/BlueWindow_snaps002.mat
  artifactKey: Guid(50e8d87218c9f9649975e35ca3232d32) Importer(815301076,1909f56bfc062723c751e8b465ee728b)
Start importing Assets/AssetStoreOriginals/_SNAPS_PrototypingAssets/SciFi_Industrial/Materials/BlueWindow_snaps002.mat using Guid(50e8d87218c9f9649975e35ca3232d32) Importer(815301076,1909f56bfc062723c751e8b465ee728b)  -> (artifact id: '1e88ba9c695825b9bdffdd285b3e879d') in 0.014650 seconds 
========================================================================
Received Import Request.
  Time since last request: 0.000077 seconds.
  path: Assets/AssetStoreOriginals/_SNAPS_PrototypingAssets/SciFi_Industrial/Materials/Black_snaps002.mat
  artifactKey: Guid(8440f7c46cde87942a79d9125f40ae89) Importer(815301076,1909f56bfc062723c751e8b465ee728b)
Start importing Assets/AssetStoreOriginals/_SNAPS_PrototypingAssets/SciFi_Industrial/Materials/Black_snaps002.mat using Guid(8440f7c46cde87942a79d9125f40ae89) Importer(815301076,1909f56bfc062723c751e8b465ee728b)  -> (artifact id: 'cb01c3a3fb3c4fb4d4f83166364bdf01') in 0.012309 seconds 
========================================================================
Received Import Request.
  Time since last request: 0.000128 seconds.
  path: Assets/AssetStoreOriginals/_SNAPS_PrototypingAssets/SciFi_Industrial/Prefabs/Decor/Conduit_M_01_snaps002.prefab
  artifactKey: Guid(defc1954bd6bc1347aa94a45192f58db) Importer(815301076,1909f56bfc062723c751e8b465ee728b)
Start importing Assets/AssetStoreOriginals/_SNAPS_PrototypingAssets/SciFi_Industrial/Prefabs/Decor/Conduit_M_01_snaps002.prefab using Guid(defc1954bd6bc1347aa94a45192f58db) Importer(815301076,1909f56bfc062723c751e8b465ee728b)  -> (artifact id: '7b16038852f98842635a7c7eb657765b') in 0.019767 seconds 
========================================================================
Received Import Request.
  Time since last request: 0.000088 seconds.
  path: Assets/AssetStoreOriginals/_SNAPS_PrototypingAssets/SciFi_Industrial/Materials/Black Metal_snaps002.mat
  artifactKey: Guid(528bab4d959abd8438a427ca2334205f) Importer(815301076,1909f56bfc062723c751e8b465ee728b)
Start importing Assets/AssetStoreOriginals/_SNAPS_PrototypingAssets/SciFi_Industrial/Materials/Black Metal_snaps002.mat using Guid(528bab4d959abd8438a427ca2334205f) Importer(815301076,1909f56bfc062723c751e8b465ee728b)  -> (artifact id: '5205d90e1d0ad1f7cedd1d83a2fd17cc') in 0.011640 seconds 
========================================================================
Received Import Request.
  Time since last request: 0.000106 seconds.
  path: Assets/AssetStoreOriginals/_SNAPS_PrototypingAssets/SciFi_Industrial/Prefabs/Decor/Meshes/CapShock_M_02_snaps002.asset
  artifactKey: Guid(8b4b0255c1e911b429eb1c42810d37a7) Importer(815301076,1909f56bfc062723c751e8b465ee728b)
Start importing Assets/AssetStoreOriginals/_SNAPS_PrototypingAssets/SciFi_Industrial/Prefabs/Decor/Meshes/CapShock_M_02_snaps002.asset using Guid(8b4b0255c1e911b429eb1c42810d37a7) Importer(815301076,1909f56bfc062723c751e8b465ee728b)  -> (artifact id: '72e84993af29f7dff0c401790ae52cc9') in 0.022256 seconds 
========================================================================
Received Import Request.
  Time since last request: 0.000078 seconds.
  path: Assets/AssetStoreOriginals/_SNAPS_PrototypingAssets/SciFi_Industrial/Prefabs/Decor/Meshes/Conduit_M_03_snaps002.asset
  artifactKey: Guid(35a426162172992498ede019418dd269) Importer(815301076,1909f56bfc062723c751e8b465ee728b)
Start importing Assets/AssetStoreOriginals/_SNAPS_PrototypingAssets/SciFi_Industrial/Prefabs/Decor/Meshes/Conduit_M_03_snaps002.asset using Guid(35a426162172992498ede019418dd269) Importer(815301076,1909f56bfc062723c751e8b465ee728b)  -> (artifact id: '13caf812bc5294ef9ba442ec567d2dfe') in 0.009614 seconds 
========================================================================
Received Import Request.
  Time since last request: 0.000629 seconds.
  path: Assets/AssetStoreOriginals/_SNAPS_PrototypingAssets/SciFi_Industrial/Prefabs/Decor/Meshes/Bolton_S_01_snaps002.asset
  artifactKey: Guid(24b3faef682ff5641998f8e7bda74ece) Importer(815301076,1909f56bfc062723c751e8b465ee728b)
Start importing Assets/AssetStoreOriginals/_SNAPS_PrototypingAssets/SciFi_Industrial/Prefabs/Decor/Meshes/Bolton_S_01_snaps002.asset using Guid(24b3faef682ff5641998f8e7bda74ece) Importer(815301076,1909f56bfc062723c751e8b465ee728b)  -> (artifact id: 'fb44ae00b52639aceec0d9c1a6ec1b00') in 0.009385 seconds 
========================================================================
Received Import Request.
  Time since last request: 0.000111 seconds.
  path: Assets/AssetStoreOriginals/_SNAPS_PrototypingAssets/SciFi_Industrial/Prefabs/Decor/CapShock_M_01_snaps002.prefab
  artifactKey: Guid(cec8525009a9342498bf9a8dfc7de1d8) Importer(815301076,1909f56bfc062723c751e8b465ee728b)
Start importing Assets/AssetStoreOriginals/_SNAPS_PrototypingAssets/SciFi_Industrial/Prefabs/Decor/CapShock_M_01_snaps002.prefab using Guid(cec8525009a9342498bf9a8dfc7de1d8) Importer(815301076,1909f56bfc062723c751e8b465ee728b)  -> (artifact id: 'ab40022daef4a620064538c41d6851cd') in 0.012951 seconds 
========================================================================
Received Import Request.
  Time since last request: 0.000086 seconds.
  path: Assets/AssetStoreOriginals/_SNAPS_PrototypingAssets/SciFi_Industrial/Prefabs/Decor/CabelCover_03_snaps002.prefab
  artifactKey: Guid(d98c873374e2a244abcd85262a0b32fa) Importer(815301076,1909f56bfc062723c751e8b465ee728b)
Start importing Assets/AssetStoreOriginals/_SNAPS_PrototypingAssets/SciFi_Industrial/Prefabs/Decor/CabelCover_03_snaps002.prefab using Guid(d98c873374e2a244abcd85262a0b32fa) Importer(815301076,1909f56bfc062723c751e8b465ee728b)  -> (artifact id: 'c59d333ab2ab2aeba2be27c392d8775c') in 0.022453 seconds 
========================================================================
Received Import Request.
  Time since last request: 0.000057 seconds.
  path: Assets/AssetStoreOriginals/_SNAPS_PrototypingAssets/SciFi_Industrial/Prefabs/Decor/Meshes/CabelCover_04_snaps002.asset
  artifactKey: Guid(111471a38ab42d041b97a6ff2855caee) Importer(815301076,1909f56bfc062723c751e8b465ee728b)
Start importing Assets/AssetStoreOriginals/_SNAPS_PrototypingAssets/SciFi_Industrial/Prefabs/Decor/Meshes/CabelCover_04_snaps002.asset using Guid(111471a38ab42d041b97a6ff2855caee) Importer(815301076,1909f56bfc062723c751e8b465ee728b)  -> (artifact id: '9cc3d2b32eba26e46693dbadb3dbd675') in 0.014338 seconds 
========================================================================
Received Import Request.
  Time since last request: 0.000078 seconds.
  path: Assets/AssetStoreOriginals/_SNAPS_PrototypingAssets/SciFi_Industrial/Prefabs/Decor/Conduit_M_03_snaps002.prefab
  artifactKey: Guid(059bdfbd9c1d51549adab56027155ef9) Importer(815301076,1909f56bfc062723c751e8b465ee728b)
Start importing Assets/AssetStoreOriginals/_SNAPS_PrototypingAssets/SciFi_Industrial/Prefabs/Decor/Conduit_M_03_snaps002.prefab using Guid(059bdfbd9c1d51549adab56027155ef9) Importer(815301076,1909f56bfc062723c751e8b465ee728b)  -> (artifact id: '43af43e6025818134fb0283852a49833') in 0.012035 seconds 
========================================================================
Received Import Request.
  Time since last request: 0.000073 seconds.
  path: Assets/AssetStoreOriginals/_SNAPS_PrototypingAssets/SciFi_Industrial/Prefabs/Decor/Conduit_M_02_snaps002.prefab
  artifactKey: Guid(8301ea8c6c341e44c9cd35fb6f2e1428) Importer(815301076,1909f56bfc062723c751e8b465ee728b)
Start importing Assets/AssetStoreOriginals/_SNAPS_PrototypingAssets/SciFi_Industrial/Prefabs/Decor/Conduit_M_02_snaps002.prefab using Guid(8301ea8c6c341e44c9cd35fb6f2e1428) Importer(815301076,1909f56bfc062723c751e8b465ee728b)  -> (artifact id: 'b6ecd640feec9803b9e16fb987e42556') in 0.011136 seconds 
========================================================================
Received Import Request.
  Time since last request: 0.000074 seconds.
  path: Assets/AssetStoreOriginals/_SNAPS_PrototypingAssets/SciFi_Industrial/Prefabs/Props/Barrel_02_snaps002.prefab
  artifactKey: Guid(8b1fc8f56ae45b44a91ace88f0db210c) Importer(815301076,1909f56bfc062723c751e8b465ee728b)
Start importing Assets/AssetStoreOriginals/_SNAPS_PrototypingAssets/SciFi_Industrial/Prefabs/Props/Barrel_02_snaps002.prefab using Guid(8b1fc8f56ae45b44a91ace88f0db210c) Importer(815301076,1909f56bfc062723c751e8b465ee728b)  -> (artifact id: '02f077aed583fe2ef079fa12bb0912db') in 0.020382 seconds 
========================================================================
Received Import Request.
  Time since last request: 0.000224 seconds.
  path: Assets/AssetStoreOriginals/_SNAPS_PrototypingAssets/SciFi_Industrial/Materials/BrownDark_snaps002.mat
  artifactKey: Guid(019b68caeea34ac4bb7e667c4f32c5df) Importer(815301076,1909f56bfc062723c751e8b465ee728b)
Start importing Assets/AssetStoreOriginals/_SNAPS_PrototypingAssets/SciFi_Industrial/Materials/BrownDark_snaps002.mat using Guid(019b68caeea34ac4bb7e667c4f32c5df) Importer(815301076,1909f56bfc062723c751e8b465ee728b)  -> (artifact id: '1e8151aa9371e3b91c2e316c2ca94496') in 0.010556 seconds 
========================================================================
Received Import Request.
  Time since last request: 0.000125 seconds.
  path: Assets/AssetStoreOriginals/_SNAPS_PrototypingAssets/SciFi_Industrial/Prefabs/Decor/CabelCover_02_snaps002.prefab
  artifactKey: Guid(29af6e3703f95e74e8648b877ef2dff5) Importer(815301076,1909f56bfc062723c751e8b465ee728b)
Start importing Assets/AssetStoreOriginals/_SNAPS_PrototypingAssets/SciFi_Industrial/Prefabs/Decor/CabelCover_02_snaps002.prefab using Guid(29af6e3703f95e74e8648b877ef2dff5) Importer(815301076,1909f56bfc062723c751e8b465ee728b)  -> (artifact id: '2106db934e0b2f51c1682cdf904ecb92') in 0.011545 seconds 
========================================================================
Received Import Request.
  Time since last request: 0.000195 seconds.
  path: Assets/AssetStoreOriginals/_SNAPS_PrototypingAssets/SciFi_Industrial/Prefabs/Decor/Meshes/CabelCover_02_snaps002.asset
  artifactKey: Guid(a5da1ff365539c74cb61e9cf895e1438) Importer(815301076,1909f56bfc062723c751e8b465ee728b)
Start importing Assets/AssetStoreOriginals/_SNAPS_PrototypingAssets/SciFi_Industrial/Prefabs/Decor/Meshes/CabelCover_02_snaps002.asset using Guid(a5da1ff365539c74cb61e9cf895e1438) Importer(815301076,1909f56bfc062723c751e8b465ee728b)  -> (artifact id: '0bb4c68976d691d4a1f13830a20f88b2') in 0.008280 seconds 
========================================================================
Received Import Request.
  Time since last request: 0.000066 seconds.
  path: Assets/AssetStoreOriginals/_SNAPS_PrototypingAssets/SciFi_Industrial/Prefabs/Decor/CabelCover_04_snaps002.prefab
  artifactKey: Guid(1eff7d4cfc072fa44a69a0ddae2cbc22) Importer(815301076,1909f56bfc062723c751e8b465ee728b)
Start importing Assets/AssetStoreOriginals/_SNAPS_PrototypingAssets/SciFi_Industrial/Prefabs/Decor/CabelCover_04_snaps002.prefab using Guid(1eff7d4cfc072fa44a69a0ddae2cbc22) Importer(815301076,1909f56bfc062723c751e8b465ee728b)  -> (artifact id: '9ebbc5bee695ac388e31775a93fd6aa2') in 0.010358 seconds 
========================================================================
Received Import Request.
  Time since last request: 11.652269 seconds.
  path: Assets/AssetStoreOriginals/_SNAPS_PrototypingAssets/SciFi_Industrial/Materials/DarkCyan_snaps002.mat
  artifactKey: Guid(9b6f00edc7822ab47b645603f7b615b6) Importer(815301076,1909f56bfc062723c751e8b465ee728b)
Start importing Assets/AssetStoreOriginals/_SNAPS_PrototypingAssets/SciFi_Industrial/Materials/DarkCyan_snaps002.mat using Guid(9b6f00edc7822ab47b645603f7b615b6) Importer(815301076,1909f56bfc062723c751e8b465ee728b)  -> (artifact id: 'be410591322c6e76f8b2d1c0feb1c500') in 0.070266 seconds 
========================================================================
Received Import Request.
  Time since last request: 0.000176 seconds.
  path: Assets/AssetStoreOriginals/_SNAPS_PrototypingAssets/SciFi_Industrial/Materials/Khaki Darker.mat
  artifactKey: Guid(ca63e1d0575d9eb4ab8e24dac32b51d9) Importer(815301076,1909f56bfc062723c751e8b465ee728b)
Start importing Assets/AssetStoreOriginals/_SNAPS_PrototypingAssets/SciFi_Industrial/Materials/Khaki Darker.mat using Guid(ca63e1d0575d9eb4ab8e24dac32b51d9) Importer(815301076,1909f56bfc062723c751e8b465ee728b)  -> (artifact id: 'a2aeb4a61d34de4c5a70c9942dcecdf2') in 0.011882 seconds 
========================================================================
Received Import Request.
  Time since last request: 0.000080 seconds.
  path: Assets/AssetStoreOriginals/_SNAPS_PrototypingAssets/SciFi_Industrial/Materials/Khaki Dark.mat
  artifactKey: Guid(651d0db5a5db31a4e8ea67cb0bb4bdca) Importer(815301076,1909f56bfc062723c751e8b465ee728b)
Start importing Assets/AssetStoreOriginals/_SNAPS_PrototypingAssets/SciFi_Industrial/Materials/Khaki Dark.mat using Guid(651d0db5a5db31a4e8ea67cb0bb4bdca) Importer(815301076,1909f56bfc062723c751e8b465ee728b)  -> (artifact id: '57951fb283fb3e47f660cc982fd71d1e') in 0.011004 seconds 
========================================================================
Received Import Request.
  Time since last request: 0.001477 seconds.
  path: Assets/AssetStoreOriginals/_SNAPS_PrototypingAssets/SciFi_Industrial/Materials/Green_snaps002.mat
  artifactKey: Guid(cff86b3f8014a6e4babecc006d77e004) Importer(815301076,1909f56bfc062723c751e8b465ee728b)
Start importing Assets/AssetStoreOriginals/_SNAPS_PrototypingAssets/SciFi_Industrial/Materials/Green_snaps002.mat using Guid(cff86b3f8014a6e4babecc006d77e004) Importer(815301076,1909f56bfc062723c751e8b465ee728b)  -> (artifact id: '8a1f30aeb80c9c9305cb7644a50eb0cf') in 0.014853 seconds 
========================================================================
Received Import Request.
  Time since last request: 0.000059 seconds.
  path: Assets/AssetStoreOriginals/_SNAPS_PrototypingAssets/SciFi_Industrial/Materials/Machine Blue Dark_snaps002.mat
  artifactKey: Guid(779370d176aafca40a59fafa5ba422d3) Importer(815301076,1909f56bfc062723c751e8b465ee728b)
Start importing Assets/AssetStoreOriginals/_SNAPS_PrototypingAssets/SciFi_Industrial/Materials/Machine Blue Dark_snaps002.mat using Guid(779370d176aafca40a59fafa5ba422d3) Importer(815301076,1909f56bfc062723c751e8b465ee728b)  -> (artifact id: 'af3072a4d9d5048c021d9a4a7d97fb6a') in 0.041748 seconds 
========================================================================
Received Import Request.
  Time since last request: 0.011603 seconds.
  path: Assets/AssetStoreOriginals/_SNAPS_PrototypingAssets/SciFi_Industrial/Materials/GreenBlack_snaps002.mat
  artifactKey: Guid(38f55b85103d762478d8298d58d90704) Importer(815301076,1909f56bfc062723c751e8b465ee728b)
Start importing Assets/AssetStoreOriginals/_SNAPS_PrototypingAssets/SciFi_Industrial/Materials/GreenBlack_snaps002.mat using Guid(38f55b85103d762478d8298d58d90704) Importer(815301076,1909f56bfc062723c751e8b465ee728b)  -> (artifact id: '4be5c8b130c10fcdff4d9d1e9a51a144') in 0.016861 seconds 
========================================================================
Received Import Request.
  Time since last request: 0.000081 seconds.
  path: Assets/AssetStoreOriginals/_SNAPS_PrototypingAssets/SciFi_Industrial/Materials/LightGray_snaps002.mat
  artifactKey: Guid(ae2efeea9c901af48b6bb19d9981d5d2) Importer(815301076,1909f56bfc062723c751e8b465ee728b)
Start importing Assets/AssetStoreOriginals/_SNAPS_PrototypingAssets/SciFi_Industrial/Materials/LightGray_snaps002.mat using Guid(ae2efeea9c901af48b6bb19d9981d5d2) Importer(815301076,1909f56bfc062723c751e8b465ee728b)  -> (artifact id: '376c75f5e8d634fd91f62ae01e11b3c7') in 0.014746 seconds 
========================================================================
Received Import Request.
  Time since last request: 0.000146 seconds.
  path: Assets/AssetStoreOriginals/_SNAPS_PrototypingAssets/SciFi_Industrial/Materials/MachineOrange_snaps002.mat
  artifactKey: Guid(80507923a3333a6498095c8c364d7983) Importer(815301076,1909f56bfc062723c751e8b465ee728b)
Start importing Assets/AssetStoreOriginals/_SNAPS_PrototypingAssets/SciFi_Industrial/Materials/MachineOrange_snaps002.mat using Guid(80507923a3333a6498095c8c364d7983) Importer(815301076,1909f56bfc062723c751e8b465ee728b)  -> (artifact id: '04bc68fccd3d3508bec3aeed5f5c7291') in 0.014219 seconds 
========================================================================
Received Import Request.
  Time since last request: 0.000061 seconds.
  path: Assets/AssetStoreOriginals/_SNAPS_PrototypingAssets/SciFi_Industrial/Materials/White_snaps002.mat
  artifactKey: Guid(4a11ac89ec3635a4b896556552983d54) Importer(815301076,1909f56bfc062723c751e8b465ee728b)
Start importing Assets/AssetStoreOriginals/_SNAPS_PrototypingAssets/SciFi_Industrial/Materials/White_snaps002.mat using Guid(4a11ac89ec3635a4b896556552983d54) Importer(815301076,1909f56bfc062723c751e8b465ee728b)  -> (artifact id: 'cb7623f51b4b439600b0c3fde643a754') in 0.016339 seconds 
========================================================================
Received Import Request.
  Time since last request: 0.000083 seconds.
  path: Assets/AssetStoreOriginals/_SNAPS_PrototypingAssets/SciFi_Industrial/Materials/Machine Green Dark_snaps002.mat
  artifactKey: Guid(51e077d1f836fd5459499a9de2bf4c0a) Importer(815301076,1909f56bfc062723c751e8b465ee728b)
Start importing Assets/AssetStoreOriginals/_SNAPS_PrototypingAssets/SciFi_Industrial/Materials/Machine Green Dark_snaps002.mat using Guid(51e077d1f836fd5459499a9de2bf4c0a) Importer(815301076,1909f56bfc062723c751e8b465ee728b)  -> (artifact id: 'b7325f1fe7ec84a31855d7a1bfd158a2') in 0.015651 seconds 
========================================================================
Received Import Request.
  Time since last request: 0.000068 seconds.
  path: Assets/AssetStoreOriginals/_SNAPS_PrototypingAssets/SciFi_Industrial/Materials/Khaki Damp.mat
  artifactKey: Guid(4afc0ffccab963644a4b0b22117f129e) Importer(815301076,1909f56bfc062723c751e8b465ee728b)
Start importing Assets/AssetStoreOriginals/_SNAPS_PrototypingAssets/SciFi_Industrial/Materials/Khaki Damp.mat using Guid(4afc0ffccab963644a4b0b22117f129e) Importer(815301076,1909f56bfc062723c751e8b465ee728b)  -> (artifact id: 'e7abe0daec01d368dd580fca5426a483') in 0.013423 seconds 
========================================================================
Received Import Request.
  Time since last request: 0.000063 seconds.
  path: Assets/AssetStoreOriginals/_SNAPS_PrototypingAssets/SciFi_Industrial/Materials/Machine Green_snaps002.mat
  artifactKey: Guid(86c38cc17be868947801ac9b80453963) Importer(815301076,1909f56bfc062723c751e8b465ee728b)
Start importing Assets/AssetStoreOriginals/_SNAPS_PrototypingAssets/SciFi_Industrial/Materials/Machine Green_snaps002.mat using Guid(86c38cc17be868947801ac9b80453963) Importer(815301076,1909f56bfc062723c751e8b465ee728b)  -> (artifact id: '4224b8d553dadc7c548897d9b947c77c') in 0.011711 seconds 
========================================================================
Received Import Request.
  Time since last request: 0.000060 seconds.
  path: Assets/AssetStoreOriginals/_SNAPS_PrototypingAssets/SciFi_Industrial/Materials/DarkGray_snaps002.mat
  artifactKey: Guid(15cb6b096bb78c7479c93c6e26153387) Importer(815301076,1909f56bfc062723c751e8b465ee728b)
Start importing Assets/AssetStoreOriginals/_SNAPS_PrototypingAssets/SciFi_Industrial/Materials/DarkGray_snaps002.mat using Guid(15cb6b096bb78c7479c93c6e26153387) Importer(815301076,1909f56bfc062723c751e8b465ee728b)  -> (artifact id: '7d24e0310378f238b46ac5095b758bcc') in 0.015553 seconds 
========================================================================
Received Import Request.
  Time since last request: 0.000091 seconds.
  path: Assets/AssetStoreOriginals/_SNAPS_PrototypingAssets/SciFi_Industrial/Materials/Machine Green Light_snaps002.mat
  artifactKey: Guid(3f95858cfa41c214495626e4e810179e) Importer(815301076,1909f56bfc062723c751e8b465ee728b)
Start importing Assets/AssetStoreOriginals/_SNAPS_PrototypingAssets/SciFi_Industrial/Materials/Machine Green Light_snaps002.mat using Guid(3f95858cfa41c214495626e4e810179e) Importer(815301076,1909f56bfc062723c751e8b465ee728b)  -> (artifact id: 'c4d1318cb32bfe4d9b4b80b50d904898') in 0.014122 seconds 
========================================================================
Received Import Request.
  Time since last request: 75.175209 seconds.
  path: Assets/FPS/Prefabs/Player.prefab
  artifactKey: Guid(761cdc9e4e883334cbdcea062d0befa7) Importer(815301076,1909f56bfc062723c751e8b465ee728b)
Start importing Assets/FPS/Prefabs/Player.prefab using Guid(761cdc9e4e883334cbdcea062d0befa7) Importer(815301076,1909f56bfc062723c751e8b465ee728b) Tried select unknown importer for id '-2' '00000000000000000000000000000000'
 -> (artifact id: '7465ca5324116c78091c26cb321ba3f6') in 0.217630 seconds 
========================================================================
Received Import Request.
  Time since last request: 116.962833 seconds.
  path: Assets/FPS/Prefabs/Weapons/Weapon_Launcher.prefab
  artifactKey: Guid(3439b4874b7b44e4eb2216314c46b85c) Importer(815301076,1909f56bfc062723c751e8b465ee728b)
Start importing Assets/FPS/Prefabs/Weapons/Weapon_Launcher.prefab using Guid(3439b4874b7b44e4eb2216314c46b85c) Importer(815301076,1909f56bfc062723c751e8b465ee728b) Tried select unknown importer for id '-2' '00000000000000000000000000000000'
 -> (artifact id: '9ab6f2beb322c21bf5cf4fc954a4ca91') in 0.186238 seconds 
========================================================================
Received Import Request.
  Time since last request: 8.081760 seconds.
  path: Assets/FPS/Prefabs/Weapons/MgFPS_SniperRifle/Weapon_SniperRifle.prefab
  artifactKey: Guid(a3d20718f5f4f9147b1a38a1d1821ad2) Importer(815301076,1909f56bfc062723c751e8b465ee728b)
Start importing Assets/FPS/Prefabs/Weapons/MgFPS_SniperRifle/Weapon_SniperRifle.prefab using Guid(a3d20718f5f4f9147b1a38a1d1821ad2) Importer(815301076,1909f56bfc062723c751e8b465ee728b) Tried select unknown importer for id '-2' '00000000000000000000000000000000'
 -> (artifact id: '2a4a66be8bd5a0df5f4d4dceea574821') in 0.118308 seconds 
========================================================================
Received Prepare
Registering precompiled user dll's ...
Registered in 0.002874 seconds.
Begin MonoManager ReloadAssembly
Symbol file LoadedFromMemory doesn't match image /Users/brodiesmith/Documents/coding/metaranger_v1/MetaRanger_v1/Library/PackageCache/com.unity.visualscripting@1.7.8/Editor/VisualScripting.Core/Dependencies/YamlDotNet/Unity.VisualScripting.YamlDotNet.dll
Symbol file LoadedFromMemory doesn't match image /Users/brodiesmith/Documents/coding/metaranger_v1/MetaRanger_v1/Library/PackageCache/com.unity.visualscripting@1.7.8/Editor/VisualScripting.Core/Dependencies/DotNetZip/Unity.VisualScripting.IonicZip.dll
Native extension for OSXStandalone target not found
Native extension for WebGL target not found
Refreshing native plugins compatible for Editor in 2.90 ms, found 2 plugins.
Preloading 0 native plugins for Editor in 0.00 ms.
Mono: successfully reloaded assembly
- Completed reload, in  4.360 seconds
Domain Reload Profiling:
	ReloadAssembly (4367ms)
		BeginReloadAssembly (599ms)
			ExecutionOrderSort (0ms)
			DisableScriptedObjects (107ms)
			BackupInstance (0ms)
			ReleaseScriptingObjects (0ms)
			CreateAndSetChildDomain (198ms)
		EndReloadAssembly (3471ms)
			LoadAssemblies (335ms)
			RebuildTransferFunctionScriptingTraits (0ms)
			SetupTypeCache (634ms)
			ReleaseScriptCaches (31ms)
			RebuildScriptCaches (94ms)
			SetupLoadedEditorAssemblies (1964ms)
				LogAssemblyErrors (0ms)
				InitializePlatformSupportModulesInManaged (58ms)
				SetLoadedEditorAssemblies (2ms)
				RefreshPlugins (3ms)
				BeforeProcessingInitializeOnLoad (253ms)
				ProcessInitializeOnLoadAttributes (1292ms)
				ProcessInitializeOnLoadMethodAttributes (355ms)
				AfterProcessingInitializeOnLoad (2ms)
				EditorAssembliesLoaded (1ms)
			ExecutionOrderSort2 (0ms)
			AwakeInstancesAfterBackupRestoration (83ms)
Platform modules already initialized, skipping
Refreshing native plugins compatible for Editor in 2.54 ms, found 2 plugins.
Preloading 0 native plugins for Editor in 0.00 ms.
Unloading 5712 Unused Serialized files (Serialized files now loaded: 0)
Unloading 71 unused Assets / (3.5 MB). Loaded Objects now: 6406.
Memory consumption went from 464.6 MB to 461.2 MB.
Total: 21.061459 ms (FindLiveObjects: 0.638375 ms CreateObjectMapping: 0.947166 ms MarkObjects: 16.917500 ms  DeleteObjects: 2.557375 ms)

AssetImportParameters requested are different than current active one (requested -> active):
  custom:video-decoder-ogg-theora: a1e56fd34408186e4bbccfd4996cb3dc -> 
  custom:container-muxer-webm: aa71ff27fc2769a1b78a27578f13a17b -> 
  custom:container-demuxer-webm: 4f35f7cbe854078d1ac9338744f61a02 -> 
  custom:video-encoder-webm-vp8: eb34c28f22e8b96e1ab97ce403110664 -> 
  custom:framework-osx-AVFoundation: e770b220cccbd017edd2c1fefb359320 -> 
  custom:audio-encoder-webm-vorbis: bf7c407c2cedff20999df2af8eb42d56 -> 
  custom:SearchIndexIgnoredProperties: e643bd26f0fe6173181afceb89e7c659 -> 
  custom:container-demuxer-ogg: 62fdf1f143b41e24485cea50d1cbac27 -> 
  custom:video-decoder-webm-vp8: 9c59270c3fd7afecdb556c50c9e8de78 -> 
  custom:audio-decoder-ogg-vorbis: bf7c407c2cedff20999df2af8eb42d56 -> 
========================================================================
Received Prepare
Registering precompiled user dll's ...
Registered in 0.002630 seconds.
Begin MonoManager ReloadAssembly
Symbol file LoadedFromMemory doesn't match image /Users/brodiesmith/Documents/coding/metaranger_v1/MetaRanger_v1/Library/PackageCache/com.unity.visualscripting@1.7.8/Editor/VisualScripting.Core/Dependencies/YamlDotNet/Unity.VisualScripting.YamlDotNet.dll
Symbol file LoadedFromMemory doesn't match image /Users/brodiesmith/Documents/coding/metaranger_v1/MetaRanger_v1/Library/PackageCache/com.unity.visualscripting@1.7.8/Editor/VisualScripting.Core/Dependencies/DotNetZip/Unity.VisualScripting.IonicZip.dll
Native extension for OSXStandalone target not found
Native extension for WebGL target not found
Refreshing native plugins compatible for Editor in 2.49 ms, found 2 plugins.
Preloading 0 native plugins for Editor in 0.00 ms.
Mono: successfully reloaded assembly
- Completed reload, in  4.026 seconds
Domain Reload Profiling:
	ReloadAssembly (4038ms)
		BeginReloadAssembly (407ms)
			ExecutionOrderSort (0ms)
			DisableScriptedObjects (47ms)
			BackupInstance (0ms)
			ReleaseScriptingObjects (0ms)
			CreateAndSetChildDomain (132ms)
		EndReloadAssembly (3355ms)
			LoadAssemblies (238ms)
			RebuildTransferFunctionScriptingTraits (0ms)
			SetupTypeCache (512ms)
			ReleaseScriptCaches (11ms)
			RebuildScriptCaches (69ms)
			SetupLoadedEditorAssemblies (2014ms)
				LogAssemblyErrors (0ms)
				InitializePlatformSupportModulesInManaged (48ms)
				SetLoadedEditorAssemblies (5ms)
				RefreshPlugins (3ms)
				BeforeProcessingInitializeOnLoad (222ms)
				ProcessInitializeOnLoadAttributes (1355ms)
				ProcessInitializeOnLoadMethodAttributes (376ms)
				AfterProcessingInitializeOnLoad (5ms)
				EditorAssembliesLoaded (1ms)
			ExecutionOrderSort2 (0ms)
			AwakeInstancesAfterBackupRestoration (118ms)
Platform modules already initialized, skipping
Refreshing native plugins compatible for Editor in 4.54 ms, found 2 plugins.
Preloading 0 native plugins for Editor in 0.00 ms.
Unloading 5713 Unused Serialized files (Serialized files now loaded: 0)
Unloading 71 unused Assets / (3.4 MB). Loaded Objects now: 6409.
Memory consumption went from 464.7 MB to 461.3 MB.
Total: 19.461750 ms (FindLiveObjects: 1.341375 ms CreateObjectMapping: 0.614333 ms MarkObjects: 14.989375 ms  DeleteObjects: 2.514792 ms)

AssetImportParameters requested are different than current active one (requested -> active):
  custom:video-decoder-ogg-theora: a1e56fd34408186e4bbccfd4996cb3dc -> 
  custom:container-muxer-webm: aa71ff27fc2769a1b78a27578f13a17b -> 
  custom:container-demuxer-webm: 4f35f7cbe854078d1ac9338744f61a02 -> 
  custom:video-encoder-webm-vp8: eb34c28f22e8b96e1ab97ce403110664 -> 
  custom:framework-osx-AVFoundation: e770b220cccbd017edd2c1fefb359320 -> 
  custom:audio-encoder-webm-vorbis: bf7c407c2cedff20999df2af8eb42d56 -> 
  custom:SearchIndexIgnoredProperties: e643bd26f0fe6173181afceb89e7c659 -> 
  custom:container-demuxer-ogg: 62fdf1f143b41e24485cea50d1cbac27 -> 
  custom:video-decoder-webm-vp8: 9c59270c3fd7afecdb556c50c9e8de78 -> 
  custom:audio-decoder-ogg-vorbis: bf7c407c2cedff20999df2af8eb42d56 -> 
========================================================================
Received Prepare
Registering precompiled user dll's ...
Registered in 0.002488 seconds.
Begin MonoManager ReloadAssembly
Symbol file LoadedFromMemory doesn't match image /Users/brodiesmith/Documents/coding/metaranger_v1/MetaRanger_v1/Library/PackageCache/com.unity.visualscripting@1.7.8/Editor/VisualScripting.Core/Dependencies/YamlDotNet/Unity.VisualScripting.YamlDotNet.dll
Symbol file LoadedFromMemory doesn't match image /Users/brodiesmith/Documents/coding/metaranger_v1/MetaRanger_v1/Library/PackageCache/com.unity.visualscripting@1.7.8/Editor/VisualScripting.Core/Dependencies/DotNetZip/Unity.VisualScripting.IonicZip.dll
Native extension for OSXStandalone target not found
Native extension for WebGL target not found
Refreshing native plugins compatible for Editor in 2.59 ms, found 2 plugins.
Preloading 0 native plugins for Editor in 0.00 ms.
Mono: successfully reloaded assembly
- Completed reload, in  3.917 seconds
Domain Reload Profiling:
	ReloadAssembly (3921ms)
		BeginReloadAssembly (557ms)
			ExecutionOrderSort (0ms)
			DisableScriptedObjects (60ms)
			BackupInstance (0ms)
			ReleaseScriptingObjects (0ms)
			CreateAndSetChildDomain (194ms)
		EndReloadAssembly (3089ms)
			LoadAssemblies (296ms)
			RebuildTransferFunctionScriptingTraits (0ms)
			SetupTypeCache (500ms)
			ReleaseScriptCaches (33ms)
			RebuildScriptCaches (98ms)
			SetupLoadedEditorAssemblies (1870ms)
				LogAssemblyErrors (0ms)
				InitializePlatformSupportModulesInManaged (41ms)
				SetLoadedEditorAssemblies (3ms)
				RefreshPlugins (5ms)
				BeforeProcessingInitializeOnLoad (169ms)
				ProcessInitializeOnLoadAttributes (1313ms)
				ProcessInitializeOnLoadMethodAttributes (336ms)
				AfterProcessingInitializeOnLoad (1ms)
				EditorAssembliesLoaded (1ms)
			ExecutionOrderSort2 (0ms)
			AwakeInstancesAfterBackupRestoration (62ms)
Platform modules already initialized, skipping
Refreshing native plugins compatible for Editor in 3.23 ms, found 2 plugins.
Preloading 0 native plugins for Editor in 0.00 ms.
Unloading 5713 Unused Serialized files (Serialized files now loaded: 0)
Unloading 71 unused Assets / (3.4 MB). Loaded Objects now: 6412.
Memory consumption went from 465.0 MB to 461.6 MB.
Total: 15.908750 ms (FindLiveObjects: 1.036000 ms CreateObjectMapping: 0.322209 ms MarkObjects: 11.642291 ms  DeleteObjects: 2.906417 ms)

AssetImportParameters requested are different than current active one (requested -> active):
  custom:video-decoder-ogg-theora: a1e56fd34408186e4bbccfd4996cb3dc -> 
  custom:container-muxer-webm: aa71ff27fc2769a1b78a27578f13a17b -> 
  custom:container-demuxer-webm: 4f35f7cbe854078d1ac9338744f61a02 -> 
  custom:video-encoder-webm-vp8: eb34c28f22e8b96e1ab97ce403110664 -> 
  custom:framework-osx-AVFoundation: e770b220cccbd017edd2c1fefb359320 -> 
  custom:audio-encoder-webm-vorbis: bf7c407c2cedff20999df2af8eb42d56 -> 
  custom:SearchIndexIgnoredProperties: e643bd26f0fe6173181afceb89e7c659 -> 
  custom:container-demuxer-ogg: 62fdf1f143b41e24485cea50d1cbac27 -> 
  custom:video-decoder-webm-vp8: 9c59270c3fd7afecdb556c50c9e8de78 -> 
  custom:audio-decoder-ogg-vorbis: bf7c407c2cedff20999df2af8eb42d56 -> 
